{"D:\\github-desktop\\UI\\QA\\CA-Dev-New\\backend\\src\\app.js": {"path":"D:\\github-desktop\\UI\\QA\\CA-Dev-New\\backend\\src\\app.js","statementMap":{"0":{"start":{"line":1,"column":0},"end":{"line":1,"column":27}},"1":{"start":{"line":2,"column":16},"end":{"line":2,"column":34}},"2":{"start":{"line":3,"column":13},"end":{"line":3,"column":28}},"3":{"start":{"line":4,"column":13},"end":{"line":4,"column":28}},"4":{"start":{"line":5,"column":20},"end":{"line":5,"column":44}},"5":{"start":{"line":6,"column":35},"end":{"line":6,"column":71}},"6":{"start":{"line":7,"column":15},"end":{"line":7,"column":34}},"7":{"start":{"line":8,"column":15},"end":{"line":8,"column":46}},"8":{"start":{"line":14,"column":12},"end":{"line":14,"column":21}},"9":{"start":{"line":17,"column":0},"end":{"line":17,"column":27}},"10":{"start":{"line":20,"column":0},"end":{"line":20,"column":55}},"11":{"start":{"line":21,"column":0},"end":{"line":21,"column":77}},"12":{"start":{"line":24,"column":0},"end":{"line":29,"column":1}},"13":{"start":{"line":25,"column":2},"end":{"line":28,"column":5}},"14":{"start":{"line":26,"column":4},"end":{"line":26,"column":75}},"15":{"start":{"line":27,"column":4},"end":{"line":27,"column":11}},"16":{"start":{"line":32,"column":0},"end":{"line":32,"column":66}},"17":{"start":{"line":33,"column":0},"end":{"line":33,"column":72}},"18":{"start":{"line":36,"column":0},"end":{"line":36,"column":24}},"19":{"start":{"line":39,"column":0},"end":{"line":49,"column":3}},"20":{"start":{"line":40,"column":2},"end":{"line":48,"column":5}},"21":{"start":{"line":52,"column":0},"end":{"line":52,"column":18}},"22":{"start":{"line":55,"column":0},"end":{"line":55,"column":22}},"23":{"start":{"line":57,"column":0},"end":{"line":57,"column":21}}},"fnMap":{"0":{"name":"(anonymous_0)","decl":{"start":{"line":25,"column":10},"end":{"line":25,"column":11}},"loc":{"start":{"line":25,"column":30},"end":{"line":28,"column":3}},"line":25},"1":{"name":"(anonymous_1)","decl":{"start":{"line":39,"column":13},"end":{"line":39,"column":14}},"loc":{"start":{"line":39,"column":27},"end":{"line":49,"column":1}},"line":39}},"branchMap":{"0":{"loc":{"start":{"line":24,"column":0},"end":{"line":29,"column":1}},"type":"if","locations":[{"start":{"line":24,"column":0},"end":{"line":29,"column":1}},{"start":{},"end":{}}],"line":24}},"s":{"0":1,"1":1,"2":1,"3":1,"4":1,"5":1,"6":1,"7":1,"8":1,"9":1,"10":1,"11":1,"12":1,"13":0,"14":0,"15":0,"16":1,"17":1,"18":1,"19":1,"20":0,"21":1,"22":1,"23":1},"f":{"0":0,"1":0},"b":{"0":[0,1]},"inputSourceMap":null,"_coverageSchema":"1a1c01bbd47fc00a2c39e90264f33305004495a9","hash":"fa5bd9710bd6f924e07cb0e4fc8f0332b5c2271a"}
,"D:\\github-desktop\\UI\\QA\\CA-Dev-New\\backend\\src\\config\\cors.js": {"path":"D:\\github-desktop\\UI\\QA\\CA-Dev-New\\backend\\src\\config\\cors.js","statementMap":{"0":{"start":{"line":5,"column":20},"end":{"line":58,"column":1}},"1":{"start":{"line":8,"column":4},"end":{"line":8,"column":45}},"2":{"start":{"line":8,"column":17},"end":{"line":8,"column":45}},"3":{"start":{"line":11,"column":27},"end":{"line":19,"column":5}},"4":{"start":{"line":22,"column":27},"end":{"line":24,"column":22}},"5":{"start":{"line":23,"column":58},"end":{"line":23,"column":68}},"6":{"start":{"line":27,"column":4},"end":{"line":33,"column":5}},"7":{"start":{"line":28,"column":26},"end":{"line":28,"column":86}},"8":{"start":{"line":29,"column":6},"end":{"line":32,"column":7}},"9":{"start":{"line":30,"column":8},"end":{"line":30,"column":75}},"10":{"start":{"line":31,"column":8},"end":{"line":31,"column":36}},"11":{"start":{"line":35,"column":4},"end":{"line":42,"column":5}},"12":{"start":{"line":36,"column":6},"end":{"line":36,"column":47}},"13":{"start":{"line":37,"column":6},"end":{"line":37,"column":27}},"14":{"start":{"line":39,"column":6},"end":{"line":39,"column":56}},"15":{"start":{"line":40,"column":6},"end":{"line":40,"column":69}},"16":{"start":{"line":41,"column":6},"end":{"line":41,"column":60}},"17":{"start":{"line":60,"column":0},"end":{"line":60,"column":29}}},"fnMap":{"0":{"name":"(anonymous_0)","decl":{"start":{"line":6,"column":10},"end":{"line":6,"column":11}},"loc":{"start":{"line":6,"column":38},"end":{"line":43,"column":3}},"line":6},"1":{"name":"(anonymous_1)","decl":{"start":{"line":23,"column":51},"end":{"line":23,"column":52}},"loc":{"start":{"line":23,"column":58},"end":{"line":23,"column":68}},"line":23}},"branchMap":{"0":{"loc":{"start":{"line":8,"column":4},"end":{"line":8,"column":45}},"type":"if","locations":[{"start":{"line":8,"column":4},"end":{"line":8,"column":45}},{"start":{},"end":{}}],"line":8},"1":{"loc":{"start":{"line":22,"column":27},"end":{"line":24,"column":22}},"type":"cond-expr","locations":[{"start":{"line":23,"column":8},"end":{"line":23,"column":69}},{"start":{"line":24,"column":8},"end":{"line":24,"column":22}}],"line":22},"2":{"loc":{"start":{"line":27,"column":4},"end":{"line":33,"column":5}},"type":"if","locations":[{"start":{"line":27,"column":4},"end":{"line":33,"column":5}},{"start":{},"end":{}}],"line":27},"3":{"loc":{"start":{"line":28,"column":26},"end":{"line":28,"column":86}},"type":"binary-expr","locations":[{"start":{"line":28,"column":26},"end":{"line":28,"column":54}},{"start":{"line":28,"column":58},"end":{"line":28,"column":86}}],"line":28},"4":{"loc":{"start":{"line":29,"column":6},"end":{"line":32,"column":7}},"type":"if","locations":[{"start":{"line":29,"column":6},"end":{"line":32,"column":7}},{"start":{},"end":{}}],"line":29},"5":{"loc":{"start":{"line":35,"column":4},"end":{"line":42,"column":5}},"type":"if","locations":[{"start":{"line":35,"column":4},"end":{"line":42,"column":5}},{"start":{"line":38,"column":11},"end":{"line":42,"column":5}}],"line":35}},"s":{"0":1,"1":47,"2":47,"3":0,"4":0,"5":0,"6":0,"7":0,"8":0,"9":0,"10":0,"11":0,"12":0,"13":0,"14":0,"15":0,"16":0,"17":1},"f":{"0":47,"1":0},"b":{"0":[47,0],"1":[0,0],"2":[0,0],"3":[0,0],"4":[0,0],"5":[0,0]},"inputSourceMap":null,"_coverageSchema":"1a1c01bbd47fc00a2c39e90264f33305004495a9","hash":"2bff8b8dc1123eb5b997bdd60cc776b52a843900"}
,"D:\\github-desktop\\UI\\QA\\CA-Dev-New\\backend\\src\\config\\environment.js": {"path":"D:\\github-desktop\\UI\\QA\\CA-Dev-New\\backend\\src\\config\\environment.js","statementMap":{"0":{"start":{"line":5,"column":15},"end":{"line":40,"column":1}},"1":{"start":{"line":43,"column":0},"end":{"line":51,"column":1}},"2":{"start":{"line":44,"column":19},"end":{"line":44,"column":64}},"3":{"start":{"line":45,"column":18},"end":{"line":45,"column":54}},"4":{"start":{"line":45,"column":41},"end":{"line":45,"column":53}},"5":{"start":{"line":47,"column":2},"end":{"line":50,"column":3}},"6":{"start":{"line":48,"column":4},"end":{"line":48,"column":85}},"7":{"start":{"line":49,"column":4},"end":{"line":49,"column":20}},"8":{"start":{"line":53,"column":0},"end":{"line":53,"column":24}}},"fnMap":{"0":{"name":"(anonymous_0)","decl":{"start":{"line":45,"column":34},"end":{"line":45,"column":35}},"loc":{"start":{"line":45,"column":41},"end":{"line":45,"column":53}},"line":45}},"branchMap":{"0":{"loc":{"start":{"line":7,"column":8},"end":{"line":7,"column":32}},"type":"binary-expr","locations":[{"start":{"line":7,"column":8},"end":{"line":7,"column":24}},{"start":{"line":7,"column":28},"end":{"line":7,"column":32}}],"line":7},"1":{"loc":{"start":{"line":8,"column":12},"end":{"line":8,"column":49}},"type":"binary-expr","locations":[{"start":{"line":8,"column":12},"end":{"line":8,"column":32}},{"start":{"line":8,"column":36},"end":{"line":8,"column":49}}],"line":8},"2":{"loc":{"start":{"line":11,"column":15},"end":{"line":11,"column":90}},"type":"binary-expr","locations":[{"start":{"line":11,"column":15},"end":{"line":11,"column":38}},{"start":{"line":11,"column":42},"end":{"line":11,"column":90}}],"line":11},"3":{"loc":{"start":{"line":14,"column":14},"end":{"line":14,"column":93}},"type":"binary-expr","locations":[{"start":{"line":14,"column":14},"end":{"line":14,"column":36}},{"start":{"line":14,"column":40},"end":{"line":14,"column":93}}],"line":14},"4":{"loc":{"start":{"line":15,"column":14},"end":{"line":15,"column":44}},"type":"binary-expr","locations":[{"start":{"line":15,"column":14},"end":{"line":15,"column":36}},{"start":{"line":15,"column":40},"end":{"line":15,"column":44}}],"line":15},"5":{"loc":{"start":{"line":16,"column":16},"end":{"line":16,"column":80}},"type":"binary-expr","locations":[{"start":{"line":16,"column":16},"end":{"line":16,"column":40}},{"start":{"line":16,"column":44},"end":{"line":16,"column":80}}],"line":16},"6":{"loc":{"start":{"line":26,"column":16},"end":{"line":26,"column":66}},"type":"binary-expr","locations":[{"start":{"line":26,"column":16},"end":{"line":26,"column":40}},{"start":{"line":26,"column":44},"end":{"line":26,"column":66}}],"line":26},"7":{"loc":{"start":{"line":27,"column":12},"end":{"line":27,"column":44}},"type":"binary-expr","locations":[{"start":{"line":27,"column":12},"end":{"line":27,"column":32}},{"start":{"line":27,"column":36},"end":{"line":27,"column":44}}],"line":27},"8":{"loc":{"start":{"line":30,"column":16},"end":{"line":30,"column":67}},"type":"binary-expr","locations":[{"start":{"line":30,"column":16},"end":{"line":30,"column":40}},{"start":{"line":30,"column":44},"end":{"line":30,"column":67}}],"line":30},"9":{"loc":{"start":{"line":33,"column":17},"end":{"line":33,"column":53}},"type":"binary-expr","locations":[{"start":{"line":33,"column":17},"end":{"line":33,"column":42}},{"start":{"line":33,"column":46},"end":{"line":33,"column":53}}],"line":33},"10":{"loc":{"start":{"line":36,"column":19},"end":{"line":36,"column":95}},"type":"binary-expr","locations":[{"start":{"line":36,"column":19},"end":{"line":36,"column":46}},{"start":{"line":36,"column":50},"end":{"line":36,"column":95}}],"line":36},"11":{"loc":{"start":{"line":39,"column":36},"end":{"line":39,"column":79}},"type":"binary-expr","locations":[{"start":{"line":39,"column":36},"end":{"line":39,"column":71}},{"start":{"line":39,"column":75},"end":{"line":39,"column":79}}],"line":39},"12":{"loc":{"start":{"line":43,"column":0},"end":{"line":51,"column":1}},"type":"if","locations":[{"start":{"line":43,"column":0},"end":{"line":51,"column":1}},{"start":{},"end":{}}],"line":43},"13":{"loc":{"start":{"line":47,"column":2},"end":{"line":50,"column":3}},"type":"if","locations":[{"start":{"line":47,"column":2},"end":{"line":50,"column":3}},{"start":{},"end":{}}],"line":47}},"s":{"0":1,"1":1,"2":0,"3":0,"4":0,"5":0,"6":0,"7":0,"8":1},"f":{"0":0},"b":{"0":[1,0],"1":[1,0],"2":[1,0],"3":[1,0],"4":[1,1],"5":[1,0],"6":[1,0],"7":[1,0],"8":[1,0],"9":[1,0],"10":[1,0],"11":[1,0],"12":[0,1],"13":[0,0]},"inputSourceMap":null,"_coverageSchema":"1a1c01bbd47fc00a2c39e90264f33305004495a9","hash":"380eebc598337f2329afe7dca2a9e106b00b0d1c"}
,"D:\\github-desktop\\UI\\QA\\CA-Dev-New\\backend\\src\\middleware\\auth.js": {"path":"D:\\github-desktop\\UI\\QA\\CA-Dev-New\\backend\\src\\middleware\\auth.js","statementMap":{"0":{"start":{"line":1,"column":12},"end":{"line":1,"column":35}},"1":{"start":{"line":2,"column":13},"end":{"line":2,"column":38}},"2":{"start":{"line":4,"column":19},"end":{"line":4,"column":62}},"3":{"start":{"line":5,"column":21},"end":{"line":5,"column":73}},"4":{"start":{"line":7,"column":22},"end":{"line":9,"column":1}},"5":{"start":{"line":8,"column":2},"end":{"line":8,"column":63}},"6":{"start":{"line":11,"column":27},"end":{"line":13,"column":1}},"7":{"start":{"line":12,"column":2},"end":{"line":12,"column":64}},"8":{"start":{"line":15,"column":20},"end":{"line":39,"column":1}},"9":{"start":{"line":16,"column":2},"end":{"line":38,"column":3}},"10":{"start":{"line":17,"column":18},"end":{"line":17,"column":69}},"11":{"start":{"line":19,"column":4},"end":{"line":21,"column":5}},"12":{"start":{"line":20,"column":6},"end":{"line":20,"column":66}},"13":{"start":{"line":23,"column":20},"end":{"line":23,"column":49}},"14":{"start":{"line":24,"column":17},"end":{"line":24,"column":52}},"15":{"start":{"line":26,"column":4},"end":{"line":28,"column":5}},"16":{"start":{"line":27,"column":6},"end":{"line":27,"column":62}},"17":{"start":{"line":30,"column":4},"end":{"line":32,"column":5}},"18":{"start":{"line":31,"column":6},"end":{"line":31,"column":67}},"19":{"start":{"line":34,"column":4},"end":{"line":34,"column":20}},"20":{"start":{"line":35,"column":4},"end":{"line":35,"column":11}},"21":{"start":{"line":37,"column":4},"end":{"line":37,"column":53}},"22":{"start":{"line":41,"column":20},"end":{"line":53,"column":1}},"23":{"start":{"line":42,"column":2},"end":{"line":52,"column":4}},"24":{"start":{"line":43,"column":4},"end":{"line":45,"column":5}},"25":{"start":{"line":44,"column":6},"end":{"line":44,"column":72}},"26":{"start":{"line":47,"column":4},"end":{"line":49,"column":5}},"27":{"start":{"line":48,"column":6},"end":{"line":48,"column":73}},"28":{"start":{"line":51,"column":4},"end":{"line":51,"column":11}},"29":{"start":{"line":55,"column":0},"end":{"line":60,"column":2}}},"fnMap":{"0":{"name":"(anonymous_0)","decl":{"start":{"line":7,"column":22},"end":{"line":7,"column":23}},"loc":{"start":{"line":7,"column":34},"end":{"line":9,"column":1}},"line":7},"1":{"name":"(anonymous_1)","decl":{"start":{"line":11,"column":27},"end":{"line":11,"column":28}},"loc":{"start":{"line":11,"column":38},"end":{"line":13,"column":1}},"line":11},"2":{"name":"(anonymous_2)","decl":{"start":{"line":15,"column":20},"end":{"line":15,"column":21}},"loc":{"start":{"line":15,"column":46},"end":{"line":39,"column":1}},"line":15},"3":{"name":"(anonymous_3)","decl":{"start":{"line":41,"column":20},"end":{"line":41,"column":21}},"loc":{"start":{"line":41,"column":31},"end":{"line":53,"column":1}},"line":41},"4":{"name":"(anonymous_4)","decl":{"start":{"line":42,"column":9},"end":{"line":42,"column":10}},"loc":{"start":{"line":42,"column":29},"end":{"line":52,"column":3}},"line":42}},"branchMap":{"0":{"loc":{"start":{"line":4,"column":19},"end":{"line":4,"column":62}},"type":"binary-expr","locations":[{"start":{"line":4,"column":19},"end":{"line":4,"column":41}},{"start":{"line":4,"column":45},"end":{"line":4,"column":62}}],"line":4},"1":{"loc":{"start":{"line":5,"column":21},"end":{"line":5,"column":73}},"type":"binary-expr","locations":[{"start":{"line":5,"column":21},"end":{"line":5,"column":45}},{"start":{"line":5,"column":49},"end":{"line":5,"column":73}}],"line":5},"2":{"loc":{"start":{"line":19,"column":4},"end":{"line":21,"column":5}},"type":"if","locations":[{"start":{"line":19,"column":4},"end":{"line":21,"column":5}},{"start":{},"end":{}}],"line":19},"3":{"loc":{"start":{"line":26,"column":4},"end":{"line":28,"column":5}},"type":"if","locations":[{"start":{"line":26,"column":4},"end":{"line":28,"column":5}},{"start":{},"end":{}}],"line":26},"4":{"loc":{"start":{"line":30,"column":4},"end":{"line":32,"column":5}},"type":"if","locations":[{"start":{"line":30,"column":4},"end":{"line":32,"column":5}},{"start":{},"end":{}}],"line":30},"5":{"loc":{"start":{"line":43,"column":4},"end":{"line":45,"column":5}},"type":"if","locations":[{"start":{"line":43,"column":4},"end":{"line":45,"column":5}},{"start":{},"end":{}}],"line":43},"6":{"loc":{"start":{"line":47,"column":4},"end":{"line":49,"column":5}},"type":"if","locations":[{"start":{"line":47,"column":4},"end":{"line":49,"column":5}},{"start":{},"end":{}}],"line":47},"7":{"loc":{"start":{"line":47,"column":8},"end":{"line":47,"column":87}},"type":"cond-expr","locations":[{"start":{"line":47,"column":31},"end":{"line":47,"column":61}},{"start":{"line":47,"column":64},"end":{"line":47,"column":87}}],"line":47}},"s":{"0":1,"1":1,"2":1,"3":1,"4":1,"5":0,"6":1,"7":0,"8":1,"9":0,"10":0,"11":0,"12":0,"13":0,"14":0,"15":0,"16":0,"17":0,"18":0,"19":0,"20":0,"21":0,"22":1,"23":4,"24":0,"25":0,"26":0,"27":0,"28":0,"29":1},"f":{"0":0,"1":0,"2":0,"3":4,"4":0},"b":{"0":[1,0],"1":[1,0],"2":[0,0],"3":[0,0],"4":[0,0],"5":[0,0],"6":[0,0],"7":[0,0]},"inputSourceMap":null,"_coverageSchema":"1a1c01bbd47fc00a2c39e90264f33305004495a9","hash":"ed2c6155b294c9e474201b0098d7a7c70bfd8a44"}
,"D:\\github-desktop\\UI\\QA\\CA-Dev-New\\backend\\src\\middleware\\errorHandler.js": {"path":"D:\\github-desktop\\UI\\QA\\CA-Dev-New\\backend\\src\\middleware\\errorHandler.js","statementMap":{"0":{"start":{"line":5,"column":21},"end":{"line":79,"column":1}},"1":{"start":{"line":6,"column":2},"end":{"line":6,"column":33}},"2":{"start":{"line":9,"column":2},"end":{"line":16,"column":3}},"3":{"start":{"line":10,"column":19},"end":{"line":10,"column":64}},"4":{"start":{"line":10,"column":54},"end":{"line":10,"column":63}},"5":{"start":{"line":11,"column":4},"end":{"line":15,"column":7}},"6":{"start":{"line":19,"column":2},"end":{"line":26,"column":3}},"7":{"start":{"line":20,"column":18},"end":{"line":20,"column":48}},"8":{"start":{"line":21,"column":4},"end":{"line":25,"column":7}},"9":{"start":{"line":29,"column":2},"end":{"line":34,"column":3}},"10":{"start":{"line":30,"column":4},"end":{"line":33,"column":7}},"11":{"start":{"line":36,"column":2},"end":{"line":41,"column":3}},"12":{"start":{"line":37,"column":4},"end":{"line":40,"column":7}},"13":{"start":{"line":44,"column":2},"end":{"line":50,"column":3}},"14":{"start":{"line":45,"column":4},"end":{"line":49,"column":7}},"15":{"start":{"line":53,"column":2},"end":{"line":59,"column":3}},"16":{"start":{"line":54,"column":4},"end":{"line":58,"column":7}},"17":{"start":{"line":62,"column":2},"end":{"line":68,"column":3}},"18":{"start":{"line":63,"column":4},"end":{"line":67,"column":7}},"19":{"start":{"line":71,"column":21},"end":{"line":71,"column":42}},"20":{"start":{"line":72,"column":18},"end":{"line":72,"column":56}},"21":{"start":{"line":74,"column":2},"end":{"line":78,"column":5}},"22":{"start":{"line":82,"column":17},"end":{"line":86,"column":1}},"23":{"start":{"line":83,"column":16},"end":{"line":83,"column":59}},"24":{"start":{"line":84,"column":2},"end":{"line":84,"column":25}},"25":{"start":{"line":85,"column":2},"end":{"line":85,"column":14}},"26":{"start":{"line":88,"column":0},"end":{"line":88,"column":44}}},"fnMap":{"0":{"name":"(anonymous_0)","decl":{"start":{"line":5,"column":21},"end":{"line":5,"column":22}},"loc":{"start":{"line":5,"column":46},"end":{"line":79,"column":1}},"line":5},"1":{"name":"(anonymous_1)","decl":{"start":{"line":10,"column":49},"end":{"line":10,"column":50}},"loc":{"start":{"line":10,"column":54},"end":{"line":10,"column":63}},"line":10},"2":{"name":"(anonymous_2)","decl":{"start":{"line":82,"column":17},"end":{"line":82,"column":18}},"loc":{"start":{"line":82,"column":37},"end":{"line":86,"column":1}},"line":82}},"branchMap":{"0":{"loc":{"start":{"line":9,"column":2},"end":{"line":16,"column":3}},"type":"if","locations":[{"start":{"line":9,"column":2},"end":{"line":16,"column":3}},{"start":{},"end":{}}],"line":9},"1":{"loc":{"start":{"line":19,"column":2},"end":{"line":26,"column":3}},"type":"if","locations":[{"start":{"line":19,"column":2},"end":{"line":26,"column":3}},{"start":{},"end":{}}],"line":19},"2":{"loc":{"start":{"line":29,"column":2},"end":{"line":34,"column":3}},"type":"if","locations":[{"start":{"line":29,"column":2},"end":{"line":34,"column":3}},{"start":{},"end":{}}],"line":29},"3":{"loc":{"start":{"line":36,"column":2},"end":{"line":41,"column":3}},"type":"if","locations":[{"start":{"line":36,"column":2},"end":{"line":41,"column":3}},{"start":{},"end":{}}],"line":36},"4":{"loc":{"start":{"line":44,"column":2},"end":{"line":50,"column":3}},"type":"if","locations":[{"start":{"line":44,"column":2},"end":{"line":50,"column":3}},{"start":{},"end":{}}],"line":44},"5":{"loc":{"start":{"line":44,"column":6},"end":{"line":44,"column":85}},"type":"binary-expr","locations":[{"start":{"line":44,"column":6},"end":{"line":44,"column":38}},{"start":{"line":44,"column":42},"end":{"line":44,"column":85}}],"line":44},"6":{"loc":{"start":{"line":53,"column":2},"end":{"line":59,"column":3}},"type":"if","locations":[{"start":{"line":53,"column":2},"end":{"line":59,"column":3}},{"start":{},"end":{}}],"line":53},"7":{"loc":{"start":{"line":62,"column":2},"end":{"line":68,"column":3}},"type":"if","locations":[{"start":{"line":62,"column":2},"end":{"line":68,"column":3}},{"start":{},"end":{}}],"line":62},"8":{"loc":{"start":{"line":71,"column":21},"end":{"line":71,"column":42}},"type":"binary-expr","locations":[{"start":{"line":71,"column":21},"end":{"line":71,"column":35}},{"start":{"line":71,"column":39},"end":{"line":71,"column":42}}],"line":71},"9":{"loc":{"start":{"line":72,"column":18},"end":{"line":72,"column":56}},"type":"binary-expr","locations":[{"start":{"line":72,"column":18},"end":{"line":72,"column":29}},{"start":{"line":72,"column":33},"end":{"line":72,"column":56}}],"line":72},"10":{"loc":{"start":{"line":77,"column":8},"end":{"line":77,"column":70}},"type":"binary-expr","locations":[{"start":{"line":77,"column":8},"end":{"line":77,"column":46}},{"start":{"line":77,"column":50},"end":{"line":77,"column":70}}],"line":77}},"s":{"0":1,"1":3,"2":3,"3":0,"4":0,"5":0,"6":3,"7":0,"8":0,"9":3,"10":0,"11":3,"12":0,"13":3,"14":0,"15":3,"16":0,"17":3,"18":0,"19":3,"20":3,"21":3,"22":1,"23":2,"24":2,"25":2,"26":1},"f":{"0":3,"1":0,"2":2},"b":{"0":[0,3],"1":[0,3],"2":[0,3],"3":[0,3],"4":[0,3],"5":[3,3],"6":[0,3],"7":[0,3],"8":[3,0],"9":[3,0],"10":[3,0]},"inputSourceMap":null,"_coverageSchema":"1a1c01bbd47fc00a2c39e90264f33305004495a9","hash":"35280d88db54a47b15f533ea605c6ab3b77ddd0f"}
,"D:\\github-desktop\\UI\\QA\\CA-Dev-New\\backend\\src\\models\\Commission.js": {"path":"D:\\github-desktop\\UI\\QA\\CA-Dev-New\\backend\\src\\models\\Commission.js","statementMap":{"0":{"start":{"line":1,"column":17},"end":{"line":1,"column":36}},"1":{"start":{"line":2,"column":19},"end":{"line":2,"column":27}},"2":{"start":{"line":4,"column":25},"end":{"line":12,"column":24}},"3":{"start":{"line":14,"column":0},"end":{"line":14,"column":64}}},"fnMap":{},"branchMap":{},"s":{"0":1,"1":1,"2":1,"3":1},"f":{},"b":{},"inputSourceMap":null,"_coverageSchema":"1a1c01bbd47fc00a2c39e90264f33305004495a9","hash":"b3247708c43e9405f7baca5fba07e153a42ba853"}
,"D:\\github-desktop\\UI\\QA\\CA-Dev-New\\backend\\src\\models\\Order.js": {"path":"D:\\github-desktop\\UI\\QA\\CA-Dev-New\\backend\\src\\models\\Order.js","statementMap":{"0":{"start":{"line":1,"column":17},"end":{"line":1,"column":36}},"1":{"start":{"line":2,"column":19},"end":{"line":2,"column":27}},"2":{"start":{"line":4,"column":20},"end":{"line":17,"column":24}},"3":{"start":{"line":19,"column":0},"end":{"line":19,"column":54}}},"fnMap":{},"branchMap":{},"s":{"0":1,"1":1,"2":1,"3":1},"f":{},"b":{},"inputSourceMap":null,"_coverageSchema":"1a1c01bbd47fc00a2c39e90264f33305004495a9","hash":"d10bfa71dc351464127fb0aad7167461e475e143"}
,"D:\\github-desktop\\UI\\QA\\CA-Dev-New\\backend\\src\\models\\Report.js": {"path":"D:\\github-desktop\\UI\\QA\\CA-Dev-New\\backend\\src\\models\\Report.js","statementMap":{"0":{"start":{"line":1,"column":17},"end":{"line":1,"column":36}},"1":{"start":{"line":2,"column":19},"end":{"line":2,"column":27}},"2":{"start":{"line":4,"column":21},"end":{"line":19,"column":24}},"3":{"start":{"line":21,"column":0},"end":{"line":21,"column":56}}},"fnMap":{},"branchMap":{},"s":{"0":1,"1":1,"2":1,"3":1},"f":{},"b":{},"inputSourceMap":null,"_coverageSchema":"1a1c01bbd47fc00a2c39e90264f33305004495a9","hash":"1bfbc4bbcccd7b3922f0fba71bb1b577dc24858d"}
,"D:\\github-desktop\\UI\\QA\\CA-Dev-New\\backend\\src\\models\\User.js": {"path":"D:\\github-desktop\\UI\\QA\\CA-Dev-New\\backend\\src\\models\\User.js","statementMap":{"0":{"start":{"line":1,"column":17},"end":{"line":1,"column":36}},"1":{"start":{"line":2,"column":19},"end":{"line":2,"column":27}},"2":{"start":{"line":4,"column":19},"end":{"line":11,"column":24}},"3":{"start":{"line":13,"column":0},"end":{"line":13,"column":52}}},"fnMap":{},"branchMap":{},"s":{"0":1,"1":1,"2":1,"3":1},"f":{},"b":{},"inputSourceMap":null,"_coverageSchema":"1a1c01bbd47fc00a2c39e90264f33305004495a9","hash":"e95c669e40c84440bd1c2957efe668cf5cc3a2bd"}
,"D:\\github-desktop\\UI\\QA\\CA-Dev-New\\backend\\src\\models\\Wallet.js": {"path":"D:\\github-desktop\\UI\\QA\\CA-Dev-New\\backend\\src\\models\\Wallet.js","statementMap":{"0":{"start":{"line":1,"column":17},"end":{"line":1,"column":36}},"1":{"start":{"line":2,"column":19},"end":{"line":2,"column":27}},"2":{"start":{"line":4,"column":21},"end":{"line":9,"column":24}},"3":{"start":{"line":11,"column":0},"end":{"line":11,"column":56}}},"fnMap":{},"branchMap":{},"s":{"0":1,"1":1,"2":1,"3":1},"f":{},"b":{},"inputSourceMap":null,"_coverageSchema":"1a1c01bbd47fc00a2c39e90264f33305004495a9","hash":"4ec1b1f32cad4e258ac73e9ff44643ed839105fb"}
,"D:\\github-desktop\\UI\\QA\\CA-Dev-New\\backend\\src\\routes\\commissions.js": {"path":"D:\\github-desktop\\UI\\QA\\CA-Dev-New\\backend\\src\\routes\\commissions.js","statementMap":{"0":{"start":{"line":1,"column":16},"end":{"line":1,"column":34}},"1":{"start":{"line":2,"column":19},"end":{"line":2,"column":50}},"2":{"start":{"line":3,"column":37},"end":{"line":3,"column":66}},"3":{"start":{"line":4,"column":15},"end":{"line":4,"column":31}},"4":{"start":{"line":6,"column":0},"end":{"line":45,"column":3}},"5":{"start":{"line":7,"column":2},"end":{"line":44,"column":3}},"6":{"start":{"line":8,"column":16},"end":{"line":8,"column":18}},"7":{"start":{"line":10,"column":4},"end":{"line":14,"column":5}},"8":{"start":{"line":11,"column":6},"end":{"line":11,"column":41}},"9":{"start":{"line":12,"column":11},"end":{"line":14,"column":5}},"10":{"start":{"line":13,"column":6},"end":{"line":13,"column":62}},"11":{"start":{"line":16,"column":24},"end":{"line":20,"column":30}},"12":{"start":{"line":22,"column":28},"end":{"line":24,"column":9}},"13":{"start":{"line":23,"column":6},"end":{"line":23,"column":48}},"14":{"start":{"line":26,"column":30},"end":{"line":28,"column":73}},"15":{"start":{"line":27,"column":19},"end":{"line":27,"column":41}},"16":{"start":{"line":28,"column":35},"end":{"line":28,"column":69}},"17":{"start":{"line":30,"column":27},"end":{"line":32,"column":73}},"18":{"start":{"line":31,"column":19},"end":{"line":31,"column":38}},"19":{"start":{"line":32,"column":35},"end":{"line":32,"column":69}},"20":{"start":{"line":34,"column":4},"end":{"line":41,"column":7}},"21":{"start":{"line":43,"column":4},"end":{"line":43,"column":51}},"22":{"start":{"line":47,"column":0},"end":{"line":69,"column":3}},"23":{"start":{"line":48,"column":2},"end":{"line":68,"column":3}},"24":{"start":{"line":49,"column":29},"end":{"line":49,"column":39}},"25":{"start":{"line":50,"column":23},"end":{"line":50,"column":31}},"26":{"start":{"line":52,"column":23},"end":{"line":59,"column":60}},"27":{"start":{"line":61,"column":4},"end":{"line":63,"column":5}},"28":{"start":{"line":62,"column":6},"end":{"line":62,"column":69}},"29":{"start":{"line":65,"column":4},"end":{"line":65,"column":25}},"30":{"start":{"line":67,"column":4},"end":{"line":67,"column":51}},"31":{"start":{"line":71,"column":0},"end":{"line":71,"column":24}}},"fnMap":{"0":{"name":"(anonymous_0)","decl":{"start":{"line":6,"column":29},"end":{"line":6,"column":30}},"loc":{"start":{"line":6,"column":49},"end":{"line":45,"column":1}},"line":6},"1":{"name":"(anonymous_1)","decl":{"start":{"line":22,"column":47},"end":{"line":22,"column":48}},"loc":{"start":{"line":22,"column":68},"end":{"line":24,"column":5}},"line":22},"2":{"name":"(anonymous_2)","decl":{"start":{"line":27,"column":14},"end":{"line":27,"column":15}},"loc":{"start":{"line":27,"column":19},"end":{"line":27,"column":41}},"line":27},"3":{"name":"(anonymous_3)","decl":{"start":{"line":28,"column":14},"end":{"line":28,"column":15}},"loc":{"start":{"line":28,"column":35},"end":{"line":28,"column":69}},"line":28},"4":{"name":"(anonymous_4)","decl":{"start":{"line":31,"column":14},"end":{"line":31,"column":15}},"loc":{"start":{"line":31,"column":19},"end":{"line":31,"column":38}},"line":31},"5":{"name":"(anonymous_5)","decl":{"start":{"line":32,"column":14},"end":{"line":32,"column":15}},"loc":{"start":{"line":32,"column":35},"end":{"line":32,"column":69}},"line":32},"6":{"name":"(anonymous_6)","decl":{"start":{"line":47,"column":73},"end":{"line":47,"column":74}},"loc":{"start":{"line":47,"column":93},"end":{"line":69,"column":1}},"line":47}},"branchMap":{"0":{"loc":{"start":{"line":10,"column":4},"end":{"line":14,"column":5}},"type":"if","locations":[{"start":{"line":10,"column":4},"end":{"line":14,"column":5}},{"start":{"line":12,"column":11},"end":{"line":14,"column":5}}],"line":10},"1":{"loc":{"start":{"line":12,"column":11},"end":{"line":14,"column":5}},"type":"if","locations":[{"start":{"line":12,"column":11},"end":{"line":14,"column":5}},{"start":{},"end":{}}],"line":12},"2":{"loc":{"start":{"line":61,"column":4},"end":{"line":63,"column":5}},"type":"if","locations":[{"start":{"line":61,"column":4},"end":{"line":63,"column":5}},{"start":{},"end":{}}],"line":61}},"s":{"0":1,"1":1,"2":1,"3":1,"4":1,"5":0,"6":0,"7":0,"8":0,"9":0,"10":0,"11":0,"12":0,"13":0,"14":0,"15":0,"16":0,"17":0,"18":0,"19":0,"20":0,"21":0,"22":1,"23":0,"24":0,"25":0,"26":0,"27":0,"28":0,"29":0,"30":0,"31":1},"f":{"0":0,"1":0,"2":0,"3":0,"4":0,"5":0,"6":0},"b":{"0":[0,0],"1":[0,0],"2":[0,0]},"inputSourceMap":null,"_coverageSchema":"1a1c01bbd47fc00a2c39e90264f33305004495a9","hash":"c26d51ec66d99d1ea52ce1e6b605d63068baa090"}
,"D:\\github-desktop\\UI\\QA\\CA-Dev-New\\backend\\src\\routes\\index.js": {"path":"D:\\github-desktop\\UI\\QA\\CA-Dev-New\\backend\\src\\routes\\index.js","statementMap":{"0":{"start":{"line":1,"column":16},"end":{"line":1,"column":34}},"1":{"start":{"line":2,"column":15},"end":{"line":2,"column":31}},"2":{"start":{"line":10,"column":19},"end":{"line":10,"column":37}},"3":{"start":{"line":11,"column":21},"end":{"line":11,"column":41}},"4":{"start":{"line":12,"column":20},"end":{"line":12,"column":39}},"5":{"start":{"line":13,"column":21},"end":{"line":13,"column":41}},"6":{"start":{"line":14,"column":25},"end":{"line":14,"column":49}},"7":{"start":{"line":18,"column":0},"end":{"line":25,"column":3}},"8":{"start":{"line":19,"column":2},"end":{"line":24,"column":5}},"9":{"start":{"line":28,"column":0},"end":{"line":28,"column":33}},"10":{"start":{"line":29,"column":0},"end":{"line":29,"column":37}},"11":{"start":{"line":30,"column":0},"end":{"line":30,"column":35}},"12":{"start":{"line":31,"column":0},"end":{"line":31,"column":37}},"13":{"start":{"line":32,"column":0},"end":{"line":32,"column":45}},"14":{"start":{"line":35,"column":0},"end":{"line":35,"column":24}}},"fnMap":{"0":{"name":"(anonymous_0)","decl":{"start":{"line":18,"column":22},"end":{"line":18,"column":23}},"loc":{"start":{"line":18,"column":36},"end":{"line":25,"column":1}},"line":18}},"branchMap":{},"s":{"0":1,"1":1,"2":1,"3":1,"4":1,"5":1,"6":1,"7":1,"8":0,"9":1,"10":1,"11":1,"12":1,"13":1,"14":1},"f":{"0":0},"b":{},"inputSourceMap":null,"_coverageSchema":"1a1c01bbd47fc00a2c39e90264f33305004495a9","hash":"792b829b1049306b15626c5bb003d587f5e3d32e"}
,"D:\\github-desktop\\UI\\QA\\CA-Dev-New\\backend\\src\\routes\\orders.js": {"path":"D:\\github-desktop\\UI\\QA\\CA-Dev-New\\backend\\src\\routes\\orders.js","statementMap":{"0":{"start":{"line":1,"column":16},"end":{"line":1,"column":34}},"1":{"start":{"line":2,"column":17},"end":{"line":2,"column":36}},"2":{"start":{"line":3,"column":15},"end":{"line":3,"column":32}},"3":{"start":{"line":4,"column":14},"end":{"line":4,"column":40}},"4":{"start":{"line":5,"column":15},"end":{"line":5,"column":42}},"5":{"start":{"line":6,"column":19},"end":{"line":6,"column":50}},"6":{"start":{"line":7,"column":13},"end":{"line":7,"column":38}},"7":{"start":{"line":8,"column":37},"end":{"line":8,"column":66}},"8":{"start":{"line":9,"column":34},"end":{"line":9,"column":68}},"9":{"start":{"line":10,"column":15},"end":{"line":10,"column":31}},"10":{"start":{"line":12,"column":17},"end":{"line":15,"column":2}},"11":{"start":{"line":17,"column":0},"end":{"line":50,"column":3}},"12":{"start":{"line":18,"column":2},"end":{"line":49,"column":3}},"13":{"start":{"line":19,"column":66},"end":{"line":19,"column":74}},"14":{"start":{"line":21,"column":26},"end":{"line":26,"column":6}},"15":{"start":{"line":28,"column":18},"end":{"line":38,"column":6}},"16":{"start":{"line":40,"column":4},"end":{"line":40,"column":23}},"17":{"start":{"line":42,"column":4},"end":{"line":46,"column":7}},"18":{"start":{"line":48,"column":4},"end":{"line":48,"column":51}},"19":{"start":{"line":52,"column":0},"end":{"line":115,"column":3}},"20":{"start":{"line":53,"column":2},"end":{"line":114,"column":3}},"21":{"start":{"line":54,"column":75},"end":{"line":54,"column":83}},"22":{"start":{"line":56,"column":17},"end":{"line":56,"column":62}},"23":{"start":{"line":57,"column":30},"end":{"line":60,"column":20}},"24":{"start":{"line":62,"column":4},"end":{"line":64,"column":5}},"25":{"start":{"line":63,"column":6},"end":{"line":63,"column":66}},"26":{"start":{"line":66,"column":20},"end":{"line":66,"column":70}},"27":{"start":{"line":68,"column":18},"end":{"line":77,"column":5}},"28":{"start":{"line":79,"column":4},"end":{"line":81,"column":5}},"29":{"start":{"line":80,"column":6},"end":{"line":80,"column":64}},"30":{"start":{"line":83,"column":19},"end":{"line":83,"column":66}},"31":{"start":{"line":84,"column":4},"end":{"line":91,"column":5}},"32":{"start":{"line":85,"column":6},"end":{"line":89,"column":7}},"33":{"start":{"line":86,"column":8},"end":{"line":86,"column":47}},"34":{"start":{"line":87,"column":13},"end":{"line":89,"column":7}},"35":{"start":{"line":88,"column":8},"end":{"line":88,"column":48}},"36":{"start":{"line":90,"column":6},"end":{"line":90,"column":26}},"37":{"start":{"line":93,"column":4},"end":{"line":107,"column":5}},"38":{"start":{"line":94,"column":20},"end":{"line":94,"column":58}},"39":{"start":{"line":95,"column":6},"end":{"line":106,"column":7}},"40":{"start":{"line":96,"column":27},"end":{"line":104,"column":10}},"41":{"start":{"line":105,"column":8},"end":{"line":105,"column":32}},"42":{"start":{"line":109,"column":4},"end":{"line":109,"column":70}},"43":{"start":{"line":111,"column":4},"end":{"line":111,"column":66}},"44":{"start":{"line":113,"column":4},"end":{"line":113,"column":51}},"45":{"start":{"line":117,"column":0},"end":{"line":168,"column":3}},"46":{"start":{"line":118,"column":2},"end":{"line":167,"column":3}},"47":{"start":{"line":119,"column":29},"end":{"line":119,"column":64}},"48":{"start":{"line":120,"column":17},"end":{"line":120,"column":41}},"49":{"start":{"line":122,"column":30},"end":{"line":125,"column":20}},"50":{"start":{"line":127,"column":4},"end":{"line":129,"column":5}},"51":{"start":{"line":128,"column":6},"end":{"line":128,"column":74}},"52":{"start":{"line":131,"column":18},"end":{"line":131,"column":32}},"53":{"start":{"line":132,"column":26},"end":{"line":132,"column":57}},"54":{"start":{"line":134,"column":4},"end":{"line":162,"column":5}},"55":{"start":{"line":135,"column":20},"end":{"line":144,"column":7}},"56":{"start":{"line":146,"column":6},"end":{"line":156,"column":7}},"57":{"start":{"line":147,"column":23},"end":{"line":147,"column":71}},"58":{"start":{"line":148,"column":8},"end":{"line":155,"column":9}},"59":{"start":{"line":149,"column":10},"end":{"line":153,"column":11}},"60":{"start":{"line":150,"column":12},"end":{"line":150,"column":51}},"61":{"start":{"line":151,"column":17},"end":{"line":153,"column":11}},"62":{"start":{"line":152,"column":12},"end":{"line":152,"column":52}},"63":{"start":{"line":154,"column":10},"end":{"line":154,"column":30}},"64":{"start":{"line":157,"column":11},"end":{"line":162,"column":5}},"65":{"start":{"line":158,"column":6},"end":{"line":161,"column":8}},"66":{"start":{"line":164,"column":4},"end":{"line":164,"column":31}},"67":{"start":{"line":166,"column":4},"end":{"line":166,"column":51}},"68":{"start":{"line":170,"column":0},"end":{"line":182,"column":3}},"69":{"start":{"line":171,"column":2},"end":{"line":181,"column":3}},"70":{"start":{"line":172,"column":18},"end":{"line":172,"column":76}},"71":{"start":{"line":174,"column":19},"end":{"line":176,"column":30}},"72":{"start":{"line":178,"column":4},"end":{"line":178,"column":21}},"73":{"start":{"line":180,"column":4},"end":{"line":180,"column":51}},"74":{"start":{"line":184,"column":0},"end":{"line":215,"column":3}},"75":{"start":{"line":185,"column":2},"end":{"line":214,"column":3}},"76":{"start":{"line":186,"column":24},"end":{"line":186,"column":34}},"77":{"start":{"line":187,"column":23},"end":{"line":187,"column":31}},"78":{"start":{"line":189,"column":18},"end":{"line":193,"column":39}},"79":{"start":{"line":195,"column":4},"end":{"line":197,"column":5}},"80":{"start":{"line":196,"column":6},"end":{"line":196,"column":64}},"81":{"start":{"line":199,"column":4},"end":{"line":209,"column":5}},"82":{"start":{"line":200,"column":21},"end":{"line":200,"column":69}},"83":{"start":{"line":201,"column":6},"end":{"line":208,"column":7}},"84":{"start":{"line":202,"column":8},"end":{"line":206,"column":9}},"85":{"start":{"line":203,"column":10},"end":{"line":203,"column":49}},"86":{"start":{"line":204,"column":15},"end":{"line":206,"column":9}},"87":{"start":{"line":205,"column":10},"end":{"line":205,"column":50}},"88":{"start":{"line":207,"column":8},"end":{"line":207,"column":28}},"89":{"start":{"line":211,"column":4},"end":{"line":211,"column":20}},"90":{"start":{"line":213,"column":4},"end":{"line":213,"column":51}},"91":{"start":{"line":217,"column":0},"end":{"line":217,"column":24}}},"fnMap":{"0":{"name":"(anonymous_0)","decl":{"start":{"line":17,"column":36},"end":{"line":17,"column":37}},"loc":{"start":{"line":17,"column":56},"end":{"line":50,"column":1}},"line":17},"1":{"name":"(anonymous_1)","decl":{"start":{"line":52,"column":36},"end":{"line":52,"column":37}},"loc":{"start":{"line":52,"column":56},"end":{"line":115,"column":1}},"line":52},"2":{"name":"(anonymous_2)","decl":{"start":{"line":117,"column":24},"end":{"line":117,"column":25}},"loc":{"start":{"line":117,"column":44},"end":{"line":168,"column":1}},"line":117},"3":{"name":"(anonymous_3)","decl":{"start":{"line":170,"column":29},"end":{"line":170,"column":30}},"loc":{"start":{"line":170,"column":49},"end":{"line":182,"column":1}},"line":170},"4":{"name":"(anonymous_4)","decl":{"start":{"line":184,"column":68},"end":{"line":184,"column":69}},"loc":{"start":{"line":184,"column":88},"end":{"line":215,"column":1}},"line":184}},"branchMap":{"0":{"loc":{"start":{"line":19,"column":45},"end":{"line":19,"column":61}},"type":"default-arg","locations":[{"start":{"line":19,"column":56},"end":{"line":19,"column":61}}],"line":19},"1":{"loc":{"start":{"line":62,"column":4},"end":{"line":64,"column":5}},"type":"if","locations":[{"start":{"line":62,"column":4},"end":{"line":64,"column":5}},{"start":{},"end":{}}],"line":62},"2":{"loc":{"start":{"line":79,"column":4},"end":{"line":81,"column":5}},"type":"if","locations":[{"start":{"line":79,"column":4},"end":{"line":81,"column":5}},{"start":{},"end":{}}],"line":79},"3":{"loc":{"start":{"line":84,"column":4},"end":{"line":91,"column":5}},"type":"if","locations":[{"start":{"line":84,"column":4},"end":{"line":91,"column":5}},{"start":{},"end":{}}],"line":84},"4":{"loc":{"start":{"line":85,"column":6},"end":{"line":89,"column":7}},"type":"if","locations":[{"start":{"line":85,"column":6},"end":{"line":89,"column":7}},{"start":{"line":87,"column":13},"end":{"line":89,"column":7}}],"line":85},"5":{"loc":{"start":{"line":87,"column":13},"end":{"line":89,"column":7}},"type":"if","locations":[{"start":{"line":87,"column":13},"end":{"line":89,"column":7}},{"start":{},"end":{}}],"line":87},"6":{"loc":{"start":{"line":93,"column":4},"end":{"line":107,"column":5}},"type":"if","locations":[{"start":{"line":93,"column":4},"end":{"line":107,"column":5}},{"start":{},"end":{}}],"line":93},"7":{"loc":{"start":{"line":95,"column":6},"end":{"line":106,"column":7}},"type":"if","locations":[{"start":{"line":95,"column":6},"end":{"line":106,"column":7}},{"start":{},"end":{}}],"line":95},"8":{"loc":{"start":{"line":95,"column":10},"end":{"line":95,"column":41}},"type":"binary-expr","locations":[{"start":{"line":95,"column":10},"end":{"line":95,"column":15}},{"start":{"line":95,"column":19},"end":{"line":95,"column":41}}],"line":95},"9":{"loc":{"start":{"line":127,"column":4},"end":{"line":129,"column":5}},"type":"if","locations":[{"start":{"line":127,"column":4},"end":{"line":129,"column":5}},{"start":{},"end":{}}],"line":127},"10":{"loc":{"start":{"line":134,"column":4},"end":{"line":162,"column":5}},"type":"if","locations":[{"start":{"line":134,"column":4},"end":{"line":162,"column":5}},{"start":{"line":157,"column":11},"end":{"line":162,"column":5}}],"line":134},"11":{"loc":{"start":{"line":146,"column":6},"end":{"line":156,"column":7}},"type":"if","locations":[{"start":{"line":146,"column":6},"end":{"line":156,"column":7}},{"start":{},"end":{}}],"line":146},"12":{"loc":{"start":{"line":148,"column":8},"end":{"line":155,"column":9}},"type":"if","locations":[{"start":{"line":148,"column":8},"end":{"line":155,"column":9}},{"start":{},"end":{}}],"line":148},"13":{"loc":{"start":{"line":149,"column":10},"end":{"line":153,"column":11}},"type":"if","locations":[{"start":{"line":149,"column":10},"end":{"line":153,"column":11}},{"start":{"line":151,"column":17},"end":{"line":153,"column":11}}],"line":149},"14":{"loc":{"start":{"line":151,"column":17},"end":{"line":153,"column":11}},"type":"if","locations":[{"start":{"line":151,"column":17},"end":{"line":153,"column":11}},{"start":{},"end":{}}],"line":151},"15":{"loc":{"start":{"line":157,"column":11},"end":{"line":162,"column":5}},"type":"if","locations":[{"start":{"line":157,"column":11},"end":{"line":162,"column":5}},{"start":{},"end":{}}],"line":157},"16":{"loc":{"start":{"line":172,"column":18},"end":{"line":172,"column":76}},"type":"cond-expr","locations":[{"start":{"line":172,"column":46},"end":{"line":172,"column":48}},{"start":{"line":172,"column":51},"end":{"line":172,"column":76}}],"line":172},"17":{"loc":{"start":{"line":195,"column":4},"end":{"line":197,"column":5}},"type":"if","locations":[{"start":{"line":195,"column":4},"end":{"line":197,"column":5}},{"start":{},"end":{}}],"line":195},"18":{"loc":{"start":{"line":199,"column":4},"end":{"line":209,"column":5}},"type":"if","locations":[{"start":{"line":199,"column":4},"end":{"line":209,"column":5}},{"start":{},"end":{}}],"line":199},"19":{"loc":{"start":{"line":199,"column":8},"end":{"line":199,"column":52}},"type":"binary-expr","locations":[{"start":{"line":199,"column":8},"end":{"line":199,"column":25}},{"start":{"line":199,"column":29},"end":{"line":199,"column":52}}],"line":199},"20":{"loc":{"start":{"line":201,"column":6},"end":{"line":208,"column":7}},"type":"if","locations":[{"start":{"line":201,"column":6},"end":{"line":208,"column":7}},{"start":{},"end":{}}],"line":201},"21":{"loc":{"start":{"line":202,"column":8},"end":{"line":206,"column":9}},"type":"if","locations":[{"start":{"line":202,"column":8},"end":{"line":206,"column":9}},{"start":{"line":204,"column":15},"end":{"line":206,"column":9}}],"line":202},"22":{"loc":{"start":{"line":204,"column":15},"end":{"line":206,"column":9}},"type":"if","locations":[{"start":{"line":204,"column":15},"end":{"line":206,"column":9}},{"start":{},"end":{}}],"line":204}},"s":{"0":1,"1":1,"2":1,"3":1,"4":1,"5":1,"6":1,"7":1,"8":1,"9":1,"10":1,"11":1,"12":0,"13":0,"14":0,"15":0,"16":0,"17":0,"18":0,"19":1,"20":0,"21":0,"22":0,"23":0,"24":0,"25":0,"26":0,"27":0,"28":0,"29":0,"30":0,"31":0,"32":0,"33":0,"34":0,"35":0,"36":0,"37":0,"38":0,"39":0,"40":0,"41":0,"42":0,"43":0,"44":0,"45":1,"46":0,"47":0,"48":0,"49":0,"50":0,"51":0,"52":0,"53":0,"54":0,"55":0,"56":0,"57":0,"58":0,"59":0,"60":0,"61":0,"62":0,"63":0,"64":0,"65":0,"66":0,"67":0,"68":1,"69":0,"70":0,"71":0,"72":0,"73":0,"74":1,"75":0,"76":0,"77":0,"78":0,"79":0,"80":0,"81":0,"82":0,"83":0,"84":0,"85":0,"86":0,"87":0,"88":0,"89":0,"90":0,"91":1},"f":{"0":0,"1":0,"2":0,"3":0,"4":0},"b":{"0":[0],"1":[0,0],"2":[0,0],"3":[0,0],"4":[0,0],"5":[0,0],"6":[0,0],"7":[0,0],"8":[0,0],"9":[0,0],"10":[0,0],"11":[0,0],"12":[0,0],"13":[0,0],"14":[0,0],"15":[0,0],"16":[0,0],"17":[0,0],"18":[0,0],"19":[0,0],"20":[0,0],"21":[0,0],"22":[0,0]},"inputSourceMap":null,"_coverageSchema":"1a1c01bbd47fc00a2c39e90264f33305004495a9","hash":"82ba6509589e185d7af1ebb30a7829696f994961"}
,"D:\\github-desktop\\UI\\QA\\CA-Dev-New\\backend\\src\\routes\\reports.js": {"path":"D:\\github-desktop\\UI\\QA\\CA-Dev-New\\backend\\src\\routes\\reports.js","statementMap":{"0":{"start":{"line":1,"column":16},"end":{"line":1,"column":34}},"1":{"start":{"line":2,"column":11},"end":{"line":2,"column":33}},"2":{"start":{"line":3,"column":13},"end":{"line":3,"column":28}},"3":{"start":{"line":4,"column":13},"end":{"line":4,"column":28}},"4":{"start":{"line":5,"column":15},"end":{"line":5,"column":42}},"5":{"start":{"line":6,"column":15},"end":{"line":6,"column":42}},"6":{"start":{"line":7,"column":24},"end":{"line":7,"column":53}},"7":{"start":{"line":8,"column":30},"end":{"line":8,"column":69}},"8":{"start":{"line":9,"column":32},"end":{"line":9,"column":78}},"9":{"start":{"line":10,"column":15},"end":{"line":10,"column":31}},"10":{"start":{"line":12,"column":21},"end":{"line":12,"column":25}},"11":{"start":{"line":13,"column":21},"end":{"line":13,"column":25}},"12":{"start":{"line":14,"column":23},"end":{"line":14,"column":36}},"13":{"start":{"line":17,"column":2},"end":{"line":19,"column":3}},"14":{"start":{"line":18,"column":4},"end":{"line":18,"column":26}},"15":{"start":{"line":21,"column":2},"end":{"line":32,"column":3}},"16":{"start":{"line":22,"column":21},"end":{"line":22,"column":70}},"17":{"start":{"line":23,"column":4},"end":{"line":23,"column":56}},"18":{"start":{"line":24,"column":21},"end":{"line":24,"column":56}},"19":{"start":{"line":25,"column":4},"end":{"line":25,"column":42}},"20":{"start":{"line":26,"column":4},"end":{"line":26,"column":32}},"21":{"start":{"line":27,"column":4},"end":{"line":27,"column":75}},"22":{"start":{"line":28,"column":4},"end":{"line":28,"column":26}},"23":{"start":{"line":30,"column":4},"end":{"line":30,"column":124}},"24":{"start":{"line":31,"column":4},"end":{"line":31,"column":66}},"25":{"start":{"line":35,"column":0},"end":{"line":124,"column":3}},"26":{"start":{"line":36,"column":2},"end":{"line":123,"column":3}},"27":{"start":{"line":37,"column":22},"end":{"line":37,"column":43}},"28":{"start":{"line":38,"column":73},"end":{"line":38,"column":82}},"29":{"start":{"line":40,"column":19},"end":{"line":40,"column":33}},"30":{"start":{"line":42,"column":4},"end":{"line":49,"column":5}},"31":{"start":{"line":43,"column":25},"end":{"line":43,"column":45}},"32":{"start":{"line":44,"column":6},"end":{"line":48,"column":8}},"33":{"start":{"line":45,"column":8},"end":{"line":47,"column":54}},"34":{"start":{"line":51,"column":4},"end":{"line":53,"column":5}},"35":{"start":{"line":52,"column":6},"end":{"line":52,"column":73}},"36":{"start":{"line":52,"column":45},"end":{"line":52,"column":71}},"37":{"start":{"line":56,"column":4},"end":{"line":66,"column":7}},"38":{"start":{"line":57,"column":26},"end":{"line":57,"column":52}},"39":{"start":{"line":58,"column":6},"end":{"line":65,"column":7}},"40":{"start":{"line":59,"column":8},"end":{"line":64,"column":11}},"41":{"start":{"line":60,"column":32},"end":{"line":60,"column":64}},"42":{"start":{"line":62,"column":10},"end":{"line":63,"column":136}},"43":{"start":{"line":68,"column":23},"end":{"line":68,"column":61}},"44":{"start":{"line":69,"column":21},"end":{"line":69,"column":49}},"45":{"start":{"line":70,"column":31},"end":{"line":70,"column":67}},"46":{"start":{"line":73,"column":26},"end":{"line":73,"column":28}},"47":{"start":{"line":74,"column":20},"end":{"line":74,"column":29}},"48":{"start":{"line":76,"column":4},"end":{"line":87,"column":7}},"49":{"start":{"line":77,"column":6},"end":{"line":77,"column":56}},"50":{"start":{"line":77,"column":27},"end":{"line":77,"column":56}},"51":{"start":{"line":79,"column":6},"end":{"line":86,"column":7}},"52":{"start":{"line":80,"column":8},"end":{"line":85,"column":11}},"53":{"start":{"line":81,"column":10},"end":{"line":83,"column":11}},"54":{"start":{"line":82,"column":12},"end":{"line":82,"column":43}},"55":{"start":{"line":84,"column":10},"end":{"line":84,"column":40}},"56":{"start":{"line":90,"column":27},"end":{"line":90,"column":29}},"57":{"start":{"line":91,"column":4},"end":{"line":100,"column":7}},"58":{"start":{"line":92,"column":21},"end":{"line":92,"column":51}},"59":{"start":{"line":94,"column":6},"end":{"line":99,"column":9}},"60":{"start":{"line":95,"column":8},"end":{"line":97,"column":9}},"61":{"start":{"line":96,"column":10},"end":{"line":96,"column":23}},"62":{"start":{"line":98,"column":8},"end":{"line":98,"column":56}},"63":{"start":{"line":102,"column":4},"end":{"line":116,"column":7}},"64":{"start":{"line":118,"column":4},"end":{"line":122,"column":7}},"65":{"start":{"line":127,"column":0},"end":{"line":159,"column":3}},"66":{"start":{"line":128,"column":2},"end":{"line":158,"column":3}},"67":{"start":{"line":129,"column":27},"end":{"line":129,"column":37}},"68":{"start":{"line":131,"column":4},"end":{"line":151,"column":5}},"69":{"start":{"line":132,"column":23},"end":{"line":132,"column":87}},"70":{"start":{"line":133,"column":6},"end":{"line":133,"column":62}},"71":{"start":{"line":134,"column":23},"end":{"line":134,"column":58}},"72":{"start":{"line":136,"column":6},"end":{"line":143,"column":9}},"73":{"start":{"line":145,"column":6},"end":{"line":145,"column":70}},"74":{"start":{"line":146,"column":6},"end":{"line":150,"column":9}},"75":{"start":{"line":153,"column":4},"end":{"line":157,"column":7}},"76":{"start":{"line":161,"column":0},"end":{"line":188,"column":3}},"77":{"start":{"line":162,"column":2},"end":{"line":187,"column":3}},"78":{"start":{"line":163,"column":27},"end":{"line":163,"column":37}},"79":{"start":{"line":164,"column":22},"end":{"line":164,"column":43}},"80":{"start":{"line":166,"column":21},"end":{"line":166,"column":61}},"81":{"start":{"line":166,"column":41},"end":{"line":166,"column":60}},"82":{"start":{"line":167,"column":4},"end":{"line":173,"column":5}},"83":{"start":{"line":168,"column":6},"end":{"line":172,"column":9}},"84":{"start":{"line":176,"column":4},"end":{"line":180,"column":7}},"85":{"start":{"line":182,"column":4},"end":{"line":186,"column":7}},"86":{"start":{"line":192,"column":0},"end":{"line":256,"column":3}},"87":{"start":{"line":193,"column":2},"end":{"line":255,"column":3}},"88":{"start":{"line":194,"column":27},"end":{"line":194,"column":37}},"89":{"start":{"line":195,"column":21},"end":{"line":195,"column":29}},"90":{"start":{"line":197,"column":4},"end":{"line":197,"column":74}},"91":{"start":{"line":198,"column":4},"end":{"line":198,"column":87}},"92":{"start":{"line":201,"column":22},"end":{"line":201,"column":43}},"93":{"start":{"line":202,"column":21},"end":{"line":202,"column":61}},"94":{"start":{"line":202,"column":41},"end":{"line":202,"column":60}},"95":{"start":{"line":203,"column":4},"end":{"line":205,"column":5}},"96":{"start":{"line":204,"column":6},"end":{"line":204,"column":67}},"97":{"start":{"line":207,"column":4},"end":{"line":251,"column":5}},"98":{"start":{"line":214,"column":6},"end":{"line":214,"column":82}},"99":{"start":{"line":215,"column":6},"end":{"line":215,"column":115}},"100":{"start":{"line":217,"column":6},"end":{"line":217,"column":129}},"101":{"start":{"line":222,"column":21},"end":{"line":222,"column":98}},"102":{"start":{"line":224,"column":6},"end":{"line":224,"column":80}},"103":{"start":{"line":225,"column":6},"end":{"line":225,"column":91}},"104":{"start":{"line":228,"column":6},"end":{"line":238,"column":9}},"105":{"start":{"line":241,"column":6},"end":{"line":241,"column":79}},"106":{"start":{"line":244,"column":6},"end":{"line":250,"column":9}},"107":{"start":{"line":253,"column":4},"end":{"line":253,"column":66}},"108":{"start":{"line":254,"column":4},"end":{"line":254,"column":51}},"109":{"start":{"line":259,"column":0},"end":{"line":282,"column":3}},"110":{"start":{"line":260,"column":2},"end":{"line":281,"column":3}},"111":{"start":{"line":261,"column":27},"end":{"line":261,"column":37}},"112":{"start":{"line":262,"column":37},"end":{"line":262,"column":51}},"113":{"start":{"line":264,"column":4},"end":{"line":266,"column":5}},"114":{"start":{"line":265,"column":6},"end":{"line":265,"column":84}},"115":{"start":{"line":268,"column":19},"end":{"line":268,"column":111}},"116":{"start":{"line":270,"column":4},"end":{"line":277,"column":7}},"117":{"start":{"line":279,"column":4},"end":{"line":279,"column":67}},"118":{"start":{"line":280,"column":4},"end":{"line":280,"column":100}},"119":{"start":{"line":284,"column":0},"end":{"line":363,"column":3}},"120":{"start":{"line":285,"column":2},"end":{"line":362,"column":3}},"121":{"start":{"line":294,"column":8},"end":{"line":294,"column":16}},"122":{"start":{"line":297,"column":24},"end":{"line":297,"column":55}},"123":{"start":{"line":298,"column":4},"end":{"line":298,"column":97}},"124":{"start":{"line":300,"column":19},"end":{"line":300,"column":66}},"125":{"start":{"line":301,"column":4},"end":{"line":303,"column":5}},"126":{"start":{"line":302,"column":6},"end":{"line":302,"column":118}},"127":{"start":{"line":306,"column":20},"end":{"line":306,"column":24}},"128":{"start":{"line":307,"column":19},"end":{"line":307,"column":23}},"129":{"start":{"line":308,"column":4},"end":{"line":321,"column":5}},"130":{"start":{"line":309,"column":6},"end":{"line":320,"column":7}},"131":{"start":{"line":310,"column":28},"end":{"line":310,"column":106}},"132":{"start":{"line":311,"column":8},"end":{"line":313,"column":9}},"133":{"start":{"line":312,"column":10},"end":{"line":312,"column":67}},"134":{"start":{"line":314,"column":8},"end":{"line":316,"column":9}},"135":{"start":{"line":315,"column":10},"end":{"line":315,"column":42}},"136":{"start":{"line":318,"column":8},"end":{"line":318,"column":61}},"137":{"start":{"line":323,"column":19},"end":{"line":335,"column":6}},"138":{"start":{"line":337,"column":4},"end":{"line":337,"column":24}},"139":{"start":{"line":342,"column":4},"end":{"line":342,"column":31}},"140":{"start":{"line":343,"column":4},"end":{"line":343,"column":24}},"141":{"start":{"line":345,"column":4},"end":{"line":345,"column":62}},"142":{"start":{"line":348,"column":4},"end":{"line":358,"column":7}},"143":{"start":{"line":360,"column":4},"end":{"line":360,"column":51}},"144":{"start":{"line":361,"column":4},"end":{"line":361,"column":51}},"145":{"start":{"line":365,"column":0},"end":{"line":385,"column":3}},"146":{"start":{"line":366,"column":2},"end":{"line":384,"column":3}},"147":{"start":{"line":367,"column":18},"end":{"line":367,"column":76}},"148":{"start":{"line":369,"column":20},"end":{"line":371,"column":30}},"149":{"start":{"line":373,"column":4},"end":{"line":377,"column":7}},"150":{"start":{"line":379,"column":4},"end":{"line":383,"column":7}},"151":{"start":{"line":387,"column":0},"end":{"line":401,"column":3}},"152":{"start":{"line":388,"column":2},"end":{"line":400,"column":3}},"153":{"start":{"line":389,"column":25},"end":{"line":389,"column":35}},"154":{"start":{"line":391,"column":19},"end":{"line":391,"column":92}},"155":{"start":{"line":393,"column":4},"end":{"line":395,"column":5}},"156":{"start":{"line":394,"column":6},"end":{"line":394,"column":65}},"157":{"start":{"line":397,"column":4},"end":{"line":397,"column":21}},"158":{"start":{"line":399,"column":4},"end":{"line":399,"column":51}},"159":{"start":{"line":404,"column":0},"end":{"line":555,"column":3}},"160":{"start":{"line":405,"column":2},"end":{"line":554,"column":3}},"161":{"start":{"line":406,"column":25},"end":{"line":406,"column":35}},"162":{"start":{"line":407,"column":26},"end":{"line":407,"column":34}},"163":{"start":{"line":410,"column":19},"end":{"line":410,"column":58}},"164":{"start":{"line":412,"column":4},"end":{"line":414,"column":5}},"165":{"start":{"line":413,"column":6},"end":{"line":413,"column":65}},"166":{"start":{"line":416,"column":4},"end":{"line":418,"column":5}},"167":{"start":{"line":417,"column":6},"end":{"line":417,"column":71}},"168":{"start":{"line":421,"column":20},"end":{"line":421,"column":22}},"169":{"start":{"line":422,"column":4},"end":{"line":444,"column":5}},"170":{"start":{"line":423,"column":6},"end":{"line":443,"column":9}},"171":{"start":{"line":424,"column":8},"end":{"line":442,"column":9}},"172":{"start":{"line":425,"column":28},"end":{"line":425,"column":50}},"173":{"start":{"line":426,"column":10},"end":{"line":441,"column":13}},"174":{"start":{"line":427,"column":12},"end":{"line":440,"column":13}},"175":{"start":{"line":428,"column":14},"end":{"line":439,"column":17}},"176":{"start":{"line":429,"column":16},"end":{"line":438,"column":17}},"177":{"start":{"line":431,"column":36},"end":{"line":431,"column":70}},"178":{"start":{"line":432,"column":34},"end":{"line":432,"column":63}},"179":{"start":{"line":433,"column":18},"end":{"line":437,"column":21}},"180":{"start":{"line":446,"column":4},"end":{"line":446,"column":81}},"181":{"start":{"line":449,"column":23},"end":{"line":449,"column":27}},"182":{"start":{"line":450,"column":22},"end":{"line":450,"column":26}},"183":{"start":{"line":451,"column":4},"end":{"line":466,"column":5}},"184":{"start":{"line":452,"column":26},"end":{"line":455,"column":8}},"185":{"start":{"line":457,"column":6},"end":{"line":459,"column":7}},"186":{"start":{"line":458,"column":8},"end":{"line":458,"column":68}},"187":{"start":{"line":460,"column":6},"end":{"line":462,"column":7}},"188":{"start":{"line":461,"column":8},"end":{"line":461,"column":43}},"189":{"start":{"line":464,"column":6},"end":{"line":464,"column":61}},"190":{"start":{"line":469,"column":31},"end":{"line":469,"column":65}},"191":{"start":{"line":470,"column":25},"end":{"line":470,"column":70}},"192":{"start":{"line":471,"column":4},"end":{"line":471,"column":78}},"193":{"start":{"line":474,"column":4},"end":{"line":549,"column":5}},"194":{"start":{"line":475,"column":27},"end":{"line":475,"column":81}},"195":{"start":{"line":476,"column":33},"end":{"line":476,"column":90}},"196":{"start":{"line":479,"column":6},"end":{"line":479,"column":59}},"197":{"start":{"line":482,"column":25},"end":{"line":487,"column":8}},"198":{"start":{"line":483,"column":8},"end":{"line":486,"column":11}},"199":{"start":{"line":484,"column":10},"end":{"line":485,"column":31}},"200":{"start":{"line":484,"column":19},"end":{"line":484,"column":31}},"201":{"start":{"line":485,"column":15},"end":{"line":485,"column":31}},"202":{"start":{"line":489,"column":6},"end":{"line":489,"column":57}},"203":{"start":{"line":491,"column":29},"end":{"line":491,"column":46}},"204":{"start":{"line":492,"column":31},"end":{"line":492,"column":96}},"205":{"start":{"line":494,"column":6},"end":{"line":494,"column":84}},"206":{"start":{"line":495,"column":6},"end":{"line":495,"column":71}},"207":{"start":{"line":498,"column":6},"end":{"line":498,"column":57}},"208":{"start":{"line":499,"column":6},"end":{"line":499,"column":66}},"209":{"start":{"line":500,"column":6},"end":{"line":500,"column":35}},"210":{"start":{"line":501,"column":6},"end":{"line":503,"column":7}},"211":{"start":{"line":502,"column":8},"end":{"line":502,"column":41}},"212":{"start":{"line":504,"column":6},"end":{"line":504,"column":26}},"213":{"start":{"line":506,"column":6},"end":{"line":506,"column":72}},"214":{"start":{"line":507,"column":6},"end":{"line":507,"column":80}},"215":{"start":{"line":508,"column":6},"end":{"line":510,"column":7}},"216":{"start":{"line":509,"column":8},"end":{"line":509,"column":99}},"217":{"start":{"line":512,"column":6},"end":{"line":523,"column":9}},"218":{"start":{"line":526,"column":6},"end":{"line":526,"column":57}},"219":{"start":{"line":527,"column":6},"end":{"line":527,"column":66}},"220":{"start":{"line":528,"column":6},"end":{"line":528,"column":35}},"221":{"start":{"line":529,"column":6},"end":{"line":529,"column":26}},"222":{"start":{"line":531,"column":6},"end":{"line":531,"column":72}},"223":{"start":{"line":532,"column":6},"end":{"line":532,"column":80}},"224":{"start":{"line":534,"column":6},"end":{"line":544,"column":9}},"225":{"start":{"line":547,"column":6},"end":{"line":547,"column":64}},"226":{"start":{"line":548,"column":6},"end":{"line":548,"column":72}},"227":{"start":{"line":552,"column":4},"end":{"line":552,"column":56}},"228":{"start":{"line":553,"column":4},"end":{"line":553,"column":51}},"229":{"start":{"line":558,"column":0},"end":{"line":580,"column":3}},"230":{"start":{"line":559,"column":2},"end":{"line":579,"column":3}},"231":{"start":{"line":560,"column":25},"end":{"line":560,"column":35}},"232":{"start":{"line":561,"column":31},"end":{"line":561,"column":88}},"233":{"start":{"line":563,"column":4},"end":{"line":575,"column":5}},"234":{"start":{"line":565,"column":29},"end":{"line":565,"column":66}},"235":{"start":{"line":568,"column":6},"end":{"line":568,"column":56}},"236":{"start":{"line":569,"column":6},"end":{"line":569,"column":48}},"237":{"start":{"line":570,"column":6},"end":{"line":570,"column":89}},"238":{"start":{"line":572,"column":6},"end":{"line":572,"column":31}},"239":{"start":{"line":574,"column":6},"end":{"line":574,"column":72}},"240":{"start":{"line":577,"column":4},"end":{"line":577,"column":59}},"241":{"start":{"line":578,"column":4},"end":{"line":578,"column":51}},"242":{"start":{"line":583,"column":0},"end":{"line":619,"column":3}},"243":{"start":{"line":584,"column":2},"end":{"line":618,"column":3}},"244":{"start":{"line":585,"column":25},"end":{"line":585,"column":35}},"245":{"start":{"line":586,"column":31},"end":{"line":586,"column":88}},"246":{"start":{"line":588,"column":4},"end":{"line":614,"column":5}},"247":{"start":{"line":590,"column":29},"end":{"line":590,"column":66}},"248":{"start":{"line":592,"column":27},"end":{"line":597,"column":8}},"249":{"start":{"line":593,"column":8},"end":{"line":596,"column":11}},"250":{"start":{"line":594,"column":10},"end":{"line":595,"column":31}},"251":{"start":{"line":594,"column":19},"end":{"line":594,"column":31}},"252":{"start":{"line":595,"column":15},"end":{"line":595,"column":31}},"253":{"start":{"line":599,"column":6},"end":{"line":599,"column":56}},"254":{"start":{"line":600,"column":6},"end":{"line":600,"column":86}},"255":{"start":{"line":602,"column":6},"end":{"line":602,"column":29}},"256":{"start":{"line":605,"column":27},"end":{"line":605,"column":81}},"257":{"start":{"line":606,"column":6},"end":{"line":613,"column":7}},"258":{"start":{"line":607,"column":25},"end":{"line":607,"column":64}},"259":{"start":{"line":608,"column":8},"end":{"line":608,"column":58}},"260":{"start":{"line":609,"column":8},"end":{"line":609,"column":88}},"261":{"start":{"line":610,"column":8},"end":{"line":610,"column":27}},"262":{"start":{"line":612,"column":8},"end":{"line":612,"column":63}},"263":{"start":{"line":616,"column":4},"end":{"line":616,"column":61}},"264":{"start":{"line":617,"column":4},"end":{"line":617,"column":51}},"265":{"start":{"line":622,"column":0},"end":{"line":646,"column":3}},"266":{"start":{"line":623,"column":2},"end":{"line":645,"column":3}},"267":{"start":{"line":624,"column":25},"end":{"line":624,"column":35}},"268":{"start":{"line":626,"column":19},"end":{"line":626,"column":50}},"269":{"start":{"line":627,"column":4},"end":{"line":629,"column":5}},"270":{"start":{"line":628,"column":6},"end":{"line":628,"column":65}},"271":{"start":{"line":631,"column":4},"end":{"line":633,"column":5}},"272":{"start":{"line":632,"column":6},"end":{"line":632,"column":85}},"273":{"start":{"line":636,"column":21},"end":{"line":636,"column":60}},"274":{"start":{"line":637,"column":4},"end":{"line":637,"column":103}},"275":{"start":{"line":638,"column":4},"end":{"line":638,"column":75}},"276":{"start":{"line":641,"column":4},"end":{"line":641,"column":32}},"277":{"start":{"line":643,"column":4},"end":{"line":643,"column":53}},"278":{"start":{"line":644,"column":4},"end":{"line":644,"column":51}},"279":{"start":{"line":649,"column":0},"end":{"line":667,"column":3}},"280":{"start":{"line":650,"column":2},"end":{"line":666,"column":3}},"281":{"start":{"line":651,"column":25},"end":{"line":651,"column":35}},"282":{"start":{"line":653,"column":19},"end":{"line":653,"column":50}},"283":{"start":{"line":654,"column":4},"end":{"line":656,"column":5}},"284":{"start":{"line":655,"column":6},"end":{"line":655,"column":65}},"285":{"start":{"line":658,"column":4},"end":{"line":660,"column":5}},"286":{"start":{"line":659,"column":6},"end":{"line":659,"column":84}},"287":{"start":{"line":662,"column":4},"end":{"line":662,"column":31}},"288":{"start":{"line":664,"column":4},"end":{"line":664,"column":53}},"289":{"start":{"line":665,"column":4},"end":{"line":665,"column":51}},"290":{"start":{"line":674,"column":0},"end":{"line":702,"column":3}},"291":{"start":{"line":675,"column":2},"end":{"line":701,"column":3}},"292":{"start":{"line":676,"column":25},"end":{"line":676,"column":35}},"293":{"start":{"line":678,"column":19},"end":{"line":678,"column":50}},"294":{"start":{"line":679,"column":4},"end":{"line":681,"column":5}},"295":{"start":{"line":680,"column":6},"end":{"line":680,"column":81}},"296":{"start":{"line":684,"column":31},"end":{"line":684,"column":94}},"297":{"start":{"line":684,"column":63},"end":{"line":684,"column":93}},"298":{"start":{"line":686,"column":4},"end":{"line":688,"column":5}},"299":{"start":{"line":687,"column":6},"end":{"line":687,"column":94}},"300":{"start":{"line":690,"column":4},"end":{"line":697,"column":7}},"301":{"start":{"line":699,"column":4},"end":{"line":699,"column":63}},"302":{"start":{"line":700,"column":4},"end":{"line":700,"column":67}},"303":{"start":{"line":709,"column":0},"end":{"line":769,"column":3}},"304":{"start":{"line":710,"column":2},"end":{"line":768,"column":3}},"305":{"start":{"line":711,"column":27},"end":{"line":711,"column":37}},"306":{"start":{"line":712,"column":21},"end":{"line":712,"column":29}},"307":{"start":{"line":713,"column":25},"end":{"line":713,"column":76}},"308":{"start":{"line":715,"column":4},"end":{"line":715,"column":59}},"309":{"start":{"line":716,"column":4},"end":{"line":716,"column":45}},"310":{"start":{"line":717,"column":4},"end":{"line":717,"column":76}},"311":{"start":{"line":719,"column":4},"end":{"line":724,"column":5}},"312":{"start":{"line":720,"column":6},"end":{"line":723,"column":9}},"313":{"start":{"line":727,"column":19},"end":{"line":731,"column":5}},"314":{"start":{"line":733,"column":4},"end":{"line":738,"column":5}},"315":{"start":{"line":734,"column":6},"end":{"line":737,"column":9}},"316":{"start":{"line":740,"column":4},"end":{"line":740,"column":55}},"317":{"start":{"line":741,"column":4},"end":{"line":741,"column":56}},"318":{"start":{"line":742,"column":4},"end":{"line":742,"column":82}},"319":{"start":{"line":744,"column":4},"end":{"line":760,"column":7}},"320":{"start":{"line":762,"column":4},"end":{"line":762,"column":63}},"321":{"start":{"line":763,"column":4},"end":{"line":767,"column":7}},"322":{"start":{"line":771,"column":0},"end":{"line":771,"column":24}}},"fnMap":{"0":{"name":"loadTemplates","decl":{"start":{"line":16,"column":15},"end":{"line":16,"column":28}},"loc":{"start":{"line":16,"column":31},"end":{"line":33,"column":1}},"line":16},"1":{"name":"(anonymous_1)","decl":{"start":{"line":35,"column":25},"end":{"line":35,"column":26}},"loc":{"start":{"line":35,"column":45},"end":{"line":124,"column":1}},"line":35},"2":{"name":"(anonymous_2)","decl":{"start":{"line":44,"column":33},"end":{"line":44,"column":34}},"loc":{"start":{"line":45,"column":8},"end":{"line":47,"column":54}},"line":45},"3":{"name":"(anonymous_3)","decl":{"start":{"line":52,"column":33},"end":{"line":52,"column":34}},"loc":{"start":{"line":52,"column":45},"end":{"line":52,"column":71}},"line":52},"4":{"name":"(anonymous_4)","decl":{"start":{"line":56,"column":41},"end":{"line":56,"column":42}},"loc":{"start":{"line":56,"column":54},"end":{"line":66,"column":5}},"line":56},"5":{"name":"(anonymous_5)","decl":{"start":{"line":59,"column":35},"end":{"line":59,"column":36}},"loc":{"start":{"line":59,"column":47},"end":{"line":64,"column":9}},"line":59},"6":{"name":"(anonymous_6)","decl":{"start":{"line":76,"column":22},"end":{"line":76,"column":23}},"loc":{"start":{"line":76,"column":34},"end":{"line":87,"column":5}},"line":76},"7":{"name":"(anonymous_7)","decl":{"start":{"line":80,"column":52},"end":{"line":80,"column":53}},"loc":{"start":{"line":80,"column":70},"end":{"line":85,"column":9}},"line":80},"8":{"name":"(anonymous_8)","decl":{"start":{"line":91,"column":39},"end":{"line":91,"column":40}},"loc":{"start":{"line":91,"column":46},"end":{"line":100,"column":5}},"line":91},"9":{"name":"(anonymous_9)","decl":{"start":{"line":94,"column":40},"end":{"line":94,"column":41}},"loc":{"start":{"line":94,"column":50},"end":{"line":99,"column":7}},"line":94},"10":{"name":"(anonymous_10)","decl":{"start":{"line":127,"column":42},"end":{"line":127,"column":43}},"loc":{"start":{"line":127,"column":62},"end":{"line":159,"column":1}},"line":127},"11":{"name":"(anonymous_11)","decl":{"start":{"line":161,"column":37},"end":{"line":161,"column":38}},"loc":{"start":{"line":161,"column":57},"end":{"line":188,"column":1}},"line":161},"12":{"name":"(anonymous_12)","decl":{"start":{"line":166,"column":36},"end":{"line":166,"column":37}},"loc":{"start":{"line":166,"column":41},"end":{"line":166,"column":60}},"line":166},"13":{"name":"(anonymous_13)","decl":{"start":{"line":192,"column":62},"end":{"line":192,"column":63}},"loc":{"start":{"line":192,"column":82},"end":{"line":256,"column":1}},"line":192},"14":{"name":"(anonymous_14)","decl":{"start":{"line":202,"column":36},"end":{"line":202,"column":37}},"loc":{"start":{"line":202,"column":41},"end":{"line":202,"column":60}},"line":202},"15":{"name":"(anonymous_15)","decl":{"start":{"line":259,"column":63},"end":{"line":259,"column":64}},"loc":{"start":{"line":259,"column":83},"end":{"line":282,"column":1}},"line":259},"16":{"name":"(anonymous_16)","decl":{"start":{"line":284,"column":30},"end":{"line":284,"column":31}},"loc":{"start":{"line":284,"column":50},"end":{"line":363,"column":1}},"line":284},"17":{"name":"(anonymous_17)","decl":{"start":{"line":365,"column":29},"end":{"line":365,"column":30}},"loc":{"start":{"line":365,"column":49},"end":{"line":385,"column":1}},"line":365},"18":{"name":"(anonymous_18)","decl":{"start":{"line":387,"column":25},"end":{"line":387,"column":26}},"loc":{"start":{"line":387,"column":45},"end":{"line":401,"column":1}},"line":387},"19":{"name":"(anonymous_19)","decl":{"start":{"line":404,"column":38},"end":{"line":404,"column":39}},"loc":{"start":{"line":404,"column":58},"end":{"line":555,"column":1}},"line":404},"20":{"name":"(anonymous_20)","decl":{"start":{"line":423,"column":24},"end":{"line":423,"column":25}},"loc":{"start":{"line":423,"column":33},"end":{"line":443,"column":7}},"line":423},"21":{"name":"(anonymous_21)","decl":{"start":{"line":426,"column":29},"end":{"line":426,"column":30}},"loc":{"start":{"line":426,"column":48},"end":{"line":441,"column":11}},"line":426},"22":{"name":"(anonymous_22)","decl":{"start":{"line":428,"column":26},"end":{"line":428,"column":27}},"loc":{"start":{"line":428,"column":46},"end":{"line":439,"column":15}},"line":428},"23":{"name":"(anonymous_23)","decl":{"start":{"line":482,"column":43},"end":{"line":482,"column":44}},"loc":{"start":{"line":482,"column":64},"end":{"line":487,"column":7}},"line":482},"24":{"name":"(anonymous_24)","decl":{"start":{"line":483,"column":38},"end":{"line":483,"column":39}},"loc":{"start":{"line":483,"column":55},"end":{"line":486,"column":9}},"line":483},"25":{"name":"(anonymous_25)","decl":{"start":{"line":558,"column":45},"end":{"line":558,"column":46}},"loc":{"start":{"line":558,"column":65},"end":{"line":580,"column":1}},"line":558},"26":{"name":"(anonymous_26)","decl":{"start":{"line":583,"column":47},"end":{"line":583,"column":48}},"loc":{"start":{"line":583,"column":67},"end":{"line":619,"column":1}},"line":583},"27":{"name":"(anonymous_27)","decl":{"start":{"line":592,"column":45},"end":{"line":592,"column":46}},"loc":{"start":{"line":592,"column":66},"end":{"line":597,"column":7}},"line":592},"28":{"name":"(anonymous_28)","decl":{"start":{"line":593,"column":36},"end":{"line":593,"column":37}},"loc":{"start":{"line":593,"column":53},"end":{"line":596,"column":9}},"line":593},"29":{"name":"(anonymous_29)","decl":{"start":{"line":622,"column":40},"end":{"line":622,"column":41}},"loc":{"start":{"line":622,"column":60},"end":{"line":646,"column":1}},"line":622},"30":{"name":"(anonymous_30)","decl":{"start":{"line":649,"column":35},"end":{"line":649,"column":36}},"loc":{"start":{"line":649,"column":55},"end":{"line":667,"column":1}},"line":649},"31":{"name":"(anonymous_31)","decl":{"start":{"line":674,"column":45},"end":{"line":674,"column":46}},"loc":{"start":{"line":674,"column":65},"end":{"line":702,"column":1}},"line":674},"32":{"name":"(anonymous_32)","decl":{"start":{"line":684,"column":54},"end":{"line":684,"column":55}},"loc":{"start":{"line":684,"column":63},"end":{"line":684,"column":93}},"line":684},"33":{"name":"(anonymous_33)","decl":{"start":{"line":709,"column":59},"end":{"line":709,"column":60}},"loc":{"start":{"line":709,"column":79},"end":{"line":769,"column":1}},"line":709}},"branchMap":{"0":{"loc":{"start":{"line":17,"column":2},"end":{"line":19,"column":3}},"type":"if","locations":[{"start":{"line":17,"column":2},"end":{"line":19,"column":3}},{"start":{},"end":{}}],"line":17},"1":{"loc":{"start":{"line":17,"column":6},"end":{"line":17,"column":88}},"type":"binary-expr","locations":[{"start":{"line":17,"column":6},"end":{"line":17,"column":20}},{"start":{"line":17,"column":24},"end":{"line":17,"column":38}},{"start":{"line":17,"column":43},"end":{"line":17,"column":87}}],"line":17},"2":{"loc":{"start":{"line":38,"column":28},"end":{"line":38,"column":36}},"type":"default-arg","locations":[{"start":{"line":38,"column":35},"end":{"line":38,"column":36}}],"line":38},"3":{"loc":{"start":{"line":38,"column":38},"end":{"line":38,"column":48}},"type":"default-arg","locations":[{"start":{"line":38,"column":46},"end":{"line":38,"column":48}}],"line":38},"4":{"loc":{"start":{"line":42,"column":4},"end":{"line":49,"column":5}},"type":"if","locations":[{"start":{"line":42,"column":4},"end":{"line":49,"column":5}},{"start":{},"end":{}}],"line":42},"5":{"loc":{"start":{"line":45,"column":8},"end":{"line":47,"column":54}},"type":"binary-expr","locations":[{"start":{"line":45,"column":8},"end":{"line":45,"column":56}},{"start":{"line":46,"column":8},"end":{"line":46,"column":63}},{"start":{"line":47,"column":8},"end":{"line":47,"column":54}}],"line":45},"6":{"loc":{"start":{"line":51,"column":4},"end":{"line":53,"column":5}},"type":"if","locations":[{"start":{"line":51,"column":4},"end":{"line":53,"column":5}},{"start":{},"end":{}}],"line":51},"7":{"loc":{"start":{"line":58,"column":6},"end":{"line":65,"column":7}},"type":"if","locations":[{"start":{"line":58,"column":6},"end":{"line":65,"column":7}},{"start":{},"end":{}}],"line":58},"8":{"loc":{"start":{"line":62,"column":17},"end":{"line":63,"column":135}},"type":"binary-expr","locations":[{"start":{"line":62,"column":17},"end":{"line":62,"column":44}},{"start":{"line":63,"column":18},"end":{"line":63,"column":58}},{"start":{"line":63,"column":62},"end":{"line":63,"column":101}},{"start":{"line":63,"column":105},"end":{"line":63,"column":134}}],"line":62},"9":{"loc":{"start":{"line":77,"column":6},"end":{"line":77,"column":56}},"type":"if","locations":[{"start":{"line":77,"column":6},"end":{"line":77,"column":56}},{"start":{},"end":{}}],"line":77},"10":{"loc":{"start":{"line":79,"column":6},"end":{"line":86,"column":7}},"type":"if","locations":[{"start":{"line":79,"column":6},"end":{"line":86,"column":7}},{"start":{},"end":{}}],"line":79},"11":{"loc":{"start":{"line":81,"column":10},"end":{"line":83,"column":11}},"type":"if","locations":[{"start":{"line":81,"column":10},"end":{"line":83,"column":11}},{"start":{},"end":{}}],"line":81},"12":{"loc":{"start":{"line":95,"column":8},"end":{"line":97,"column":9}},"type":"if","locations":[{"start":{"line":95,"column":8},"end":{"line":97,"column":9}},{"start":{},"end":{}}],"line":95},"13":{"loc":{"start":{"line":95,"column":12},"end":{"line":95,"column":58}},"type":"binary-expr","locations":[{"start":{"line":95,"column":12},"end":{"line":95,"column":33}},{"start":{"line":95,"column":37},"end":{"line":95,"column":58}}],"line":95},"14":{"loc":{"start":{"line":167,"column":4},"end":{"line":173,"column":5}},"type":"if","locations":[{"start":{"line":167,"column":4},"end":{"line":173,"column":5}},{"start":{},"end":{}}],"line":167},"15":{"loc":{"start":{"line":203,"column":4},"end":{"line":205,"column":5}},"type":"if","locations":[{"start":{"line":203,"column":4},"end":{"line":205,"column":5}},{"start":{},"end":{}}],"line":203},"16":{"loc":{"start":{"line":262,"column":37},"end":{"line":262,"column":51}},"type":"binary-expr","locations":[{"start":{"line":262,"column":37},"end":{"line":262,"column":45}},{"start":{"line":262,"column":49},"end":{"line":262,"column":51}}],"line":262},"17":{"loc":{"start":{"line":264,"column":4},"end":{"line":266,"column":5}},"type":"if","locations":[{"start":{"line":264,"column":4},"end":{"line":266,"column":5}},{"start":{},"end":{}}],"line":264},"18":{"loc":{"start":{"line":264,"column":8},"end":{"line":264,"column":55}},"type":"binary-expr","locations":[{"start":{"line":264,"column":8},"end":{"line":264,"column":31}},{"start":{"line":264,"column":35},"end":{"line":264,"column":55}}],"line":264},"19":{"loc":{"start":{"line":280,"column":50},"end":{"line":280,"column":96}},"type":"binary-expr","locations":[{"start":{"line":280,"column":50},"end":{"line":280,"column":63}},{"start":{"line":280,"column":67},"end":{"line":280,"column":96}}],"line":280},"20":{"loc":{"start":{"line":301,"column":4},"end":{"line":303,"column":5}},"type":"if","locations":[{"start":{"line":301,"column":4},"end":{"line":303,"column":5}},{"start":{},"end":{}}],"line":301},"21":{"loc":{"start":{"line":301,"column":8},"end":{"line":301,"column":44}},"type":"binary-expr","locations":[{"start":{"line":301,"column":8},"end":{"line":301,"column":15}},{"start":{"line":301,"column":19},"end":{"line":301,"column":44}}],"line":301},"22":{"loc":{"start":{"line":308,"column":4},"end":{"line":321,"column":5}},"type":"if","locations":[{"start":{"line":308,"column":4},"end":{"line":321,"column":5}},{"start":{},"end":{}}],"line":308},"23":{"loc":{"start":{"line":311,"column":8},"end":{"line":313,"column":9}},"type":"if","locations":[{"start":{"line":311,"column":8},"end":{"line":313,"column":9}},{"start":{},"end":{}}],"line":311},"24":{"loc":{"start":{"line":314,"column":8},"end":{"line":316,"column":9}},"type":"if","locations":[{"start":{"line":314,"column":8},"end":{"line":316,"column":9}},{"start":{},"end":{}}],"line":314},"25":{"loc":{"start":{"line":332,"column":21},"end":{"line":332,"column":40}},"type":"binary-expr","locations":[{"start":{"line":332,"column":21},"end":{"line":332,"column":34}},{"start":{"line":332,"column":38},"end":{"line":332,"column":40}}],"line":332},"26":{"loc":{"start":{"line":333,"column":21},"end":{"line":333,"column":40}},"type":"binary-expr","locations":[{"start":{"line":333,"column":21},"end":{"line":333,"column":34}},{"start":{"line":333,"column":38},"end":{"line":333,"column":40}}],"line":333},"27":{"loc":{"start":{"line":367,"column":18},"end":{"line":367,"column":76}},"type":"cond-expr","locations":[{"start":{"line":367,"column":46},"end":{"line":367,"column":48}},{"start":{"line":367,"column":51},"end":{"line":367,"column":76}}],"line":367},"28":{"loc":{"start":{"line":393,"column":4},"end":{"line":395
[...]
":16,"column":33},"end":{"line":23,"column":1}},"line":16},"4":{"name":"updateLuckysheetCell","decl":{"start":{"line":25,"column":9},"end":{"line":25,"column":29}},"loc":{"start":{"line":25,"column":58},"end":{"line":38,"column":1}},"line":25},"5":{"name":"(anonymous_5)","decl":{"start":{"line":26,"column":39},"end":{"line":26,"column":40}},"loc":{"start":{"line":26,"column":44},"end":{"line":26,"column":64}},"line":26},"6":{"name":"updateAllCellStructures","decl":{"start":{"line":40,"column":9},"end":{"line":40,"column":32}},"loc":{"start":{"line":40,"column":63},"end":{"line":112,"column":1}},"line":40},"7":{"name":"(anonymous_7)","decl":{"start":{"line":41,"column":39},"end":{"line":41,"column":40}},"loc":{"start":{"line":41,"column":44},"end":{"line":41,"column":64}},"line":41},"8":{"name":"(anonymous_8)","decl":{"start":{"line":48,"column":45},"end":{"line":48,"column":46}},"loc":{"start":{"line":48,"column":53},"end":{"line":48,"column":81}},"line":48},"9":{"name":"searchAndUpdateNested","decl":{"start":{"line":74,"column":11},"end":{"line":74,"column":32}},"loc":{"start":{"line":74,"column":85},"end":{"line":107,"column":3}},"line":74},"10":{"name":"(anonymous_10)","decl":{"start":{"line":83,"column":24},"end":{"line":83,"column":25}},"loc":{"start":{"line":83,"column":41},"end":{"line":97,"column":11}},"line":83},"11":{"name":"run","decl":{"start":{"line":114,"column":9},"end":{"line":114,"column":12}},"loc":{"start":{"line":114,"column":15},"end":{"line":147,"column":1}},"line":114},"12":{"name":"(anonymous_12)","decl":{"start":{"line":120,"column":24},"end":{"line":120,"column":25}},"loc":{"start":{"line":120,"column":33},"end":{"line":124,"column":7}},"line":120},"13":{"name":"(anonymous_13)","decl":{"start":{"line":122,"column":49},"end":{"line":122,"column":50}},"loc":{"start":{"line":122,"column":57},"end":{"line":122,"column":101}},"line":122},"14":{"name":"safeDeepCopy","decl":{"start":{"line":149,"column":9},"end":{"line":149,"column":21}},"loc":{"start":{"line":149,"column":63},"end":{"line":185,"column":1}},"line":149},"15":{"name":"(anonymous_15)","decl":{"start":{"line":165,"column":18},"end":{"line":165,"column":19}},"loc":{"start":{"line":165,"column":35},"end":{"line":167,"column":7}},"line":165},"16":{"name":"(anonymous_16)","decl":{"start":{"line":177,"column":29},"end":{"line":177,"column":30}},"loc":{"start":{"line":177,"column":36},"end":{"line":179,"column":5}},"line":177},"17":{"name":"alterTemplateJson","decl":{"start":{"line":187,"column":9},"end":{"line":187,"column":26}},"loc":{"start":{"line":187,"column":80},"end":{"line":219,"column":1}},"line":187},"18":{"name":"(anonymous_18)","decl":{"start":{"line":192,"column":24},"end":{"line":192,"column":25}},"loc":{"start":{"line":192,"column":33},"end":{"line":196,"column":7}},"line":192},"19":{"name":"(anonymous_19)","decl":{"start":{"line":194,"column":49},"end":{"line":194,"column":50}},"loc":{"start":{"line":194,"column":57},"end":{"line":194,"column":101}},"line":194}},"branchMap":{"0":{"loc":{"start":{"line":5,"column":2},"end":{"line":5,"column":51}},"type":"if","locations":[{"start":{"line":5,"column":2},"end":{"line":5,"column":51}},{"start":{},"end":{}}],"line":5},"1":{"loc":{"start":{"line":13,"column":9},"end":{"line":13,"column":82}},"type":"binary-expr","locations":[{"start":{"line":13,"column":9},"end":{"line":13,"column":74}},{"start":{"line":13,"column":78},"end":{"line":13,"column":82}}],"line":13},"2":{"loc":{"start":{"line":13,"column":10},"end":{"line":13,"column":30}},"type":"binary-expr","locations":[{"start":{"line":13,"column":10},"end":{"line":13,"column":24}},{"start":{"line":13,"column":28},"end":{"line":13,"column":30}}],"line":13},"3":{"loc":{"start":{"line":13,"column":45},"end":{"line":13,"column":73}},"type":"binary-expr","locations":[{"start":{"line":13,"column":45},"end":{"line":13,"column":57}},{"start":{"line":13,"column":61},"end":{"line":13,"column":73}}],"line":13},"4":{"loc":{"start":{"line":18,"column":2},"end":{"line":18,"column":32}},"type":"if","locations":[{"start":{"line":18,"column":2},"end":{"line":18,"column":32}},{"start":{},"end":{}}],"line":18},"5":{"loc":{"start":{"line":19,"column":2},"end":{"line":19,"column":43}},"type":"if","locations":[{"start":{"line":19,"column":2},"end":{"line":19,"column":43}},{"start":{},"end":{}}],"line":19},"6":{"loc":{"start":{"line":26,"column":17},"end":{"line":26,"column":32}},"type":"binary-expr","locations":[{"start":{"line":26,"column":17},"end":{"line":26,"column":26}},{"start":{"line":26,"column":30},"end":{"line":26,"column":32}}],"line":26},"7":{"loc":{"start":{"line":27,"column":2},"end":{"line":27,"column":64}},"type":"if","locations":[{"start":{"line":27,"column":2},"end":{"line":27,"column":64}},{"start":{},"end":{}}],"line":27},"8":{"loc":{"start":{"line":33,"column":8},"end":{"line":33,"column":20}},"type":"binary-expr","locations":[{"start":{"line":33,"column":8},"end":{"line":33,"column":14}},{"start":{"line":33,"column":18},"end":{"line":33,"column":20}}],"line":33},"9":{"loc":{"start":{"line":34,"column":7},"end":{"line":34,"column":36}},"type":"cond-expr","locations":[{"start":{"line":34,"column":15},"end":{"line":34,"column":28}},{"start":{"line":34,"column":31},"end":{"line":34,"column":36}}],"line":34},"10":{"loc":{"start":{"line":36,"column":8},"end":{"line":36,"column":48}},"type":"cond-expr","locations":[{"start":{"line":36,"column":16},"end":{"line":36,"column":26}},{"start":{"line":36,"column":29},"end":{"line":36,"column":48}}],"line":36},"11":{"loc":{"start":{"line":41,"column":17},"end":{"line":41,"column":32}},"type":"binary-expr","locations":[{"start":{"line":41,"column":17},"end":{"line":41,"column":26}},{"start":{"line":41,"column":30},"end":{"line":41,"column":32}}],"line":41},"12":{"loc":{"start":{"line":42,"column":2},"end":{"line":42,"column":64}},"type":"if","locations":[{"start":{"line":42,"column":2},"end":{"line":42,"column":64}},{"start":{},"end":{}}],"line":42},"13":{"loc":{"start":{"line":47,"column":2},"end":{"line":59,"column":3}},"type":"if","locations":[{"start":{"line":47,"column":2},"end":{"line":59,"column":3}},{"start":{},"end":{}}],"line":47},"14":{"loc":{"start":{"line":48,"column":53},"end":{"line":48,"column":81}},"type":"binary-expr","locations":[{"start":{"line":48,"column":53},"end":{"line":48,"column":65}},{"start":{"line":48,"column":69},"end":{"line":48,"column":81}}],"line":48},"15":{"loc":{"start":{"line":49,"column":4},"end":{"line":58,"column":5}},"type":"if","locations":[{"start":{"line":49,"column":4},"end":{"line":58,"column":5}},{"start":{},"end":{}}],"line":49},"16":{"loc":{"start":{"line":49,"column":8},"end":{"line":49,"column":38}},"type":"binary-expr","locations":[{"start":{"line":49,"column":8},"end":{"line":49,"column":20}},{"start":{"line":49,"column":24},"end":{"line":49,"column":38}}],"line":49},"17":{"loc":{"start":{"line":52,"column":11},"end":{"line":52,"column":40}},"type":"cond-expr","locations":[{"start":{"line":52,"column":19},"end":{"line":52,"column":32}},{"start":{"line":52,"column":35},"end":{"line":52,"column":40}}],"line":52},"18":{"loc":{"start":{"line":54,"column":12},"end":{"line":54,"column":52}},"type":"cond-expr","locations":[{"start":{"line":54,"column":20},"end":{"line":54,"column":30}},{"start":{"line":54,"column":33},"end":{"line":54,"column":52}}],"line":54},"19":{"loc":{"start":{"line":61,"column":2},"end":{"line":72,"column":3}},"type":"if","locations":[{"start":{"line":61,"column":2},"end":{"line":72,"column":3}},{"start":{},"end":{}}],"line":61},"20":{"loc":{"start":{"line":61,"column":6},"end":{"line":61,"column":68}},"type":"binary-expr","locations":[{"start":{"line":61,"column":6},"end":{"line":61,"column":16}},{"start":{"line":61,"column":20},"end":{"line":61,"column":48}},{"start":{"line":61,"column":52},"end":{"line":61,"column":68}}],"line":61},"21":{"loc":{"start":{"line":63,"column":4},"end":{"line":71,"column":5}},"type":"if","locations":[{"start":{"line":63,"column":4},"end":{"line":71,"column":5}},{"start":{},"end":{}}],"line":63},"22":{"loc":{"start":{"line":63,"column":8},"end":{"line":63,"column":61}},"type":"binary-expr","locations":[{"start":{"line":63,"column":8},"end":{"line":63,"column":38}},{"start":{"line":63,"column":42},"end":{"line":63,"column":61}}],"line":63},"23":{"loc":{"start":{"line":65,"column":11},"end":{"line":65,"column":40}},"type":"cond-expr","locations":[{"start":{"line":65,"column":19},"end":{"line":65,"column":32}},{"start":{"line":65,"column":35},"end":{"line":65,"column":40}}],"line":65},"24":{"loc":{"start":{"line":67,"column":12},"end":{"line":67,"column":52}},"type":"cond-expr","locations":[{"start":{"line":67,"column":20},"end":{"line":67,"column":30}},{"start":{"line":67,"column":33},"end":{"line":67,"column":52}}],"line":67},"25":{"loc":{"start":{"line":74,"column":38},"end":{"line":74,"column":47}},"type":"default-arg","locations":[{"start":{"line":74,"column":45},"end":{"line":74,"column":47}}],"line":74},"26":{"loc":{"start":{"line":74,"column":49},"end":{"line":74,"column":72}},"type":"default-arg","locations":[{"start":{"line":74,"column":59},"end":{"line":74,"column":72}}],"line":74},"27":{"loc":{"start":{"line":74,"column":74},"end":{"line":74,"column":83}},"type":"default-arg","locations":[{"start":{"line":74,"column":82},"end":{"line":74,"column":83}}],"line":74},"28":{"loc":{"start":{"line":75,"column":4},"end":{"line":75,"column":62}},"type":"if","locations":[{"start":{"line":75,"column":4},"end":{"line":75,"column":62}},{"start":{},"end":{}}],"line":75},"29":{"loc":{"start":{"line":75,"column":8},"end":{"line":75,"column":53}},"type":"binary-expr","locations":[{"start":{"line":75,"column":8},"end":{"line":75,"column":12}},{"start":{"line":75,"column":16},"end":{"line":75,"column":39}},{"start":{"line":75,"column":43},"end":{"line":75,"column":53}}],"line":75},"30":{"loc":{"start":{"line":77,"column":4},"end":{"line":77,"column":33}},"type":"if","locations":[{"start":{"line":77,"column":4},"end":{"line":77,"column":33}},{"start":{},"end":{}}],"line":77},"31":{"loc":{"start":{"line":82,"column":8},"end":{"line":100,"column":9}},"type":"if","locations":[{"start":{"line":82,"column":8},"end":{"line":100,"column":9}},{"start":{"line":98,"column":15},"end":{"line":100,"column":9}}],"line":82},"32":{"loc":{"start":{"line":84,"column":12},"end":{"line":96,"column":13}},"type":"if","locations":[{"start":{"line":84,"column":12},"end":{"line":96,"column":13}},{"start":{},"end":{}}],"line":84},"33":{"loc":{"start":{"line":84,"column":16},"end":{"line":84,"column":48}},"type":"binary-expr","locations":[{"start":{"line":84,"column":16},"end":{"line":84,"column":20}},{"start":{"line":84,"column":24},"end":{"line":84,"column":48}}],"line":84},"34":{"loc":{"start":{"line":85,"column":14},"end":{"line":94,"column":15}},"type":"if","locations":[{"start":{"line":85,"column":14},"end":{"line":94,"column":15}},{"start":{},"end":{}}],"line":85},"35":{"loc":{"start":{"line":85,"column":18},"end":{"line":85,"column":56}},"type":"binary-expr","locations":[{"start":{"line":85,"column":18},"end":{"line":85,"column":30}},{"start":{"line":85,"column":34},"end":{"line":85,"column":46}},{"start":{"line":85,"column":50},"end":{"line":85,"column":56}}],"line":85},"36":{"loc":{"start":{"line":88,"column":21},"end":{"line":88,"column":50}},"type":"cond-expr","locations":[{"start":{"line":88,"column":29},"end":{"line":88,"column":42}},{"start":{"line":88,"column":45},"end":{"line":88,"column":50}}],"line":88},"37":{"loc":{"start":{"line":90,"column":22},"end":{"line":90,"column":62}},"type":"cond-expr","locations":[{"start":{"line":90,"column":30},"end":{"line":90,"column":40}},{"start":{"line":90,"column":43},"end":{"line":90,"column":62}}],"line":90},"38":{"loc":{"start":{"line":98,"column":15},"end":{"line":100,"column":9}},"type":"if","locations":[{"start":{"line":98,"column":15},"end":{"line":100,"column":9}},{"start":{},"end":{}}],"line":98},"39":{"loc":{"start":{"line":98,"column":19},"end":{"line":98,"column":53}},"type":"binary-expr","locations":[{"start":{"line":98,"column":19},"end":{"line":98,"column":24}},{"start":{"line":98,"column":28},"end":{"line":98,"column":53}}],"line":98},"40":{"loc":{"start":{"line":119,"column":4},"end":{"line":125,"column":5}},"type":"if","locations":[{"start":{"line":119,"column":4},"end":{"line":125,"column":5}},{"start":{},"end":{}}],"line":119},"41":{"loc":{"start":{"line":121,"column":8},"end":{"line":123,"column":9}},"type":"if","locations":[{"start":{"line":121,"column":8},"end":{"line":123,"column":9}},{"start":{},"end":{}}],"line":121},"42":{"loc":{"start":{"line":122,"column":57},"end":{"line":122,"column":101}},"type":"binary-expr","locations":[{"start":{"line":122,"column":57},"end":{"line":122,"column":77}},{"start":{"line":122,"column":81},"end":{"line":122,"column":101}}],"line":122},"43":{"loc":{"start":{"line":149,"column":27},"end":{"line":149,"column":50}},"type":"default-arg","locations":[{"start":{"line":149,"column":37},"end":{"line":149,"column":50}}],"line":149},"44":{"loc":{"start":{"line":149,"column":52},"end":{"line":149,"column":61}},"type":"default-arg","locations":[{"start":{"line":149,"column":60},"end":{"line":149,"column":61}}],"line":149},"45":{"loc":{"start":{"line":150,"column":2},"end":{"line":150,"column":58}},"type":"if","locations":[{"start":{"line":150,"column":2},"end":{"line":150,"column":58}},{"start":{},"end":{}}],"line":150},"46":{"loc":{"start":{"line":150,"column":6},"end":{"line":150,"column":45}},"type":"binary-expr","locations":[{"start":{"line":150,"column":6},"end":{"line":150,"column":18}},{"start":{"line":150,"column":22},"end":{"line":150,"column":45}}],"line":150},"47":{"loc":{"start":{"line":152,"column":2},"end":{"line":155,"column":3}},"type":"if","locations":[{"start":{"line":152,"column":2},"end":{"line":155,"column":3}},{"start":{},"end":{}}],"line":152},"48":{"loc":{"start":{"line":157,"column":2},"end":{"line":157,"column":48}},"type":"if","locations":[{"start":{"line":157,"column":2},"end":{"line":157,"column":48}},{"start":{},"end":{}}],"line":157},"49":{"loc":{"start":{"line":159,"column":2},"end":{"line":159,"column":48}},"type":"if","locations":[{"start":{"line":159,"column":2},"end":{"line":159,"column":48}},{"start":{},"end":{}}],"line":159},"50":{"loc":{"start":{"line":161,"column":2},"end":{"line":172,"column":3}},"type":"if","locations":[{"start":{"line":161,"column":2},"end":{"line":172,"column":3}},{"start":{},"end":{}}],"line":161},"51":{"loc":{"start":{"line":187,"column":51},"end":{"line":187,"column":78}},"type":"default-arg","locations":[{"start":{"line":187,"column":63},"end":{"line":187,"column":78}}],"line":187},"52":{"loc":{"start":{"line":191,"column":4},"end":{"line":197,"column":5}},"type":"if","locations":[{"start":{"line":191,"column":4},"end":{"line":197,"column":5}},{"start":{},"end":{}}],"line":191},"53":{"loc":{"start":{"line":193,"column":8},"end":{"line":195,"column":9}},"type":"if","locations":[{"start":{"line":193,"column":8},"end":{"line":195,"column":9}},{"start":{},"end":{}}],"line":193},"54":{"loc":{"start":{"line":194,"column":57},"end":{"line":194,"column":101}},"type":"binary-expr","locations":[{"start":{"line":194,"column":57},"end":{"line":194,"column":77}},{"start":{"line":194,"column":81},"end":{"line":194,"column":101}}],"line":194},"55":{"loc":{"start":{"line":200,"column":6},"end":{"line":211,"column":7}},"type":"if","locations":[{"start":{"line":200,"column":6},"end":{"line":211,"column":7}},{"start":{},"end":{}}],"line":200},"56":{"loc":{"start":{"line":200,"column":10},"end":{"line":200,"column":45}},"type":"binary-expr","locations":[{"start":{"line":200,"column":10},"end":{"line":200,"column":29}},{"start":{"line":200,"column":33},"end":{"line":200,"column":45}}],"line":200},"57":{"loc":{"start":{"line":229,"column":0},"end":{"line":231,"column":1}},"type":"if","locations":[{"start":{"line":229,"column":0},"end":{"line":231,"column":1}},{"start":{},"end":{}}],"line":229}},"s":{"0":1,"1":0,"2":0,"3":0,"4":0,"5":0,"6":0,"7":0,"8":0,"9":0,"10":0,"11":0,"12":0,"13":0,"14":0,"15":0,"16":0,"17":0,"18":0,"19":0,"20":0,"21":0,"22":0,"23":0,"24":0,"25":0,"26":0,"27":0,"28":0,"29":0,"30":0,"31":0,"32":0,"33":0,"34":0,"35":0,"36":0,"37":0,"38":0,"39":0,"40":0,"41":0,"42":0,"43":0,"44":0,"45":0,"46":0,"47":0,"48":0,"49":0,"50":0,"51":0,"52":0,"53":0,"54":0,"55":0,"56":0,"57":0,"58":0,"59":0,"60":0,"61":0,"62":0,"63":0,"64":0,"65":0,"66":0,"67":0,"68":0,"69":0,"70":0,"71":0,"72":0,"73":0,"74":0,"75":0,"76":0,"77":0,"78":0,"79":0,"80":0,"81":0,"82":0,"83":0,"84":0,"85":0,"86":0,"87":0,"88":0,"89":0,"90":0,"91":0,"92":0,"93":0,"94":0,"95":0,"96":0,"97":0,"98":0,"99":0,"100":0,"101":0,"102":0,"103":0,"104":0,"105":0,"106":0,"107":0,"108":0,"109":0,"110":0,"111":0,"112":0,"113":0,"114":0,"115":0,"116":0,"117":0,"118":0,"119":0,"120":0,"121":0,"122":0,"123":0,"124":0,"125":0,"126":0,"127":1,"128":1,"129":0},"f":{"0":0,"1":0,"2":0,"3":0,"4":0,"5":0,"6":0,"7":0,"8":0,"9":0,"10":0,"11":0,"12":0,"13":0,"14":0,"15":0,"16":0,"17":0,"18":0,"19":0},"b":{"0":[0,0],"1":[0,0],"2":[0,0],"3":[0,0],"4":[0,0],"5":[0,0],"6":[0,0],"7":[0,0],"8":[0,0],"9":[0,0],"10":[0,0],"11":[0,0],"12":[0,0],"13":[0,0],"14":[0,0],"15":[0,0],"16":[0,0],"17":[0,0],"18":[0,0],"19":[0,0],"20":[0,0,0],"21":[0,0],"22":[0,0],"23":[0,0],"24":[0,0],"25":[0],"26":[0],"27":[0],"28":[0,0],"29":[0,0,0],"30":[0,0],"31":[0,0],"32":[0,0],"33":[0,0],"34":[0,0],"35":[0,0,0],"36":[0,0],"37":[0,0],"38":[0,0],"39":[0,0],"40":[0,0],"41":[0,0],"42":[0,0],"43":[0],"44":[0],"45":[0,0],"46":[0,0],"47":[0,0],"48":[0,0],"49":[0,0],"50":[0,0],"51":[0],"52":[0,0],"53":[0,0],"54":[0,0],"55":[0,0],"56":[0,0],"57":[0,1]},"inputSourceMap":null,"_coverageSchema":"1a1c01bbd47fc00a2c39e90264f33305004495a9","hash":"8ccfec081751eadc25930472bd91eec8f6e1947f"}
,"D:\\github-desktop\\UI\\QA\\CA-Dev-New\\backend\\src\\services\\mailService.js": {"path":"D:\\github-desktop\\UI\\QA\\CA-Dev-New\\backend\\src\\services\\mailService.js","statementMap":{"0":{"start":{"line":1,"column":19},"end":{"line":1,"column":40}},"1":{"start":{"line":3,"column":20},"end":{"line":9,"column":2}},"2":{"start":{"line":11,"column":30},"end":{"line":31,"column":1}},"3":{"start":{"line":12,"column":26},"end":{"line":12,"column":116}},"4":{"start":{"line":14,"column":22},"end":{"line":28,"column":3}},"5":{"start":{"line":30,"column":2},"end":{"line":30,"column":42}},"6":{"start":{"line":33,"column":25},"end":{"line":48,"column":1}},"7":{"start":{"line":34,"column":22},"end":{"line":45,"column":3}},"8":{"start":{"line":47,"column":2},"end":{"line":47,"column":42}},"9":{"start":{"line":50,"column":30},"end":{"line":72,"column":1}},"10":{"start":{"line":51,"column":22},"end":{"line":69,"column":3}},"11":{"start":{"line":71,"column":2},"end":{"line":71,"column":42}},"12":{"start":{"line":74,"column":0},"end":{"line":78,"column":2}}},"fnMap":{"0":{"name":"(anonymous_0)","decl":{"start":{"line":11,"column":30},"end":{"line":11,"column":31}},"loc":{"start":{"line":11,"column":54},"end":{"line":31,"column":1}},"line":11},"1":{"name":"(anonymous_1)","decl":{"start":{"line":33,"column":25},"end":{"line":33,"column":26}},"loc":{"start":{"line":33,"column":48},"end":{"line":48,"column":1}},"line":33},"2":{"name":"(anonymous_2)","decl":{"start":{"line":50,"column":30},"end":{"line":50,"column":31}},"loc":{"start":{"line":50,"column":60},"end":{"line":72,"column":1}},"line":50}},"branchMap":{"0":{"loc":{"start":{"line":12,"column":29},"end":{"line":12,"column":76}},"type":"binary-expr","locations":[{"start":{"line":12,"column":29},"end":{"line":12,"column":49}},{"start":{"line":12,"column":53},"end":{"line":12,"column":76}}],"line":12}},"s":{"0":1,"1":1,"2":1,"3":0,"4":0,"5":0,"6":1,"7":0,"8":0,"9":1,"10":0,"11":0,"12":1},"f":{"0":0,"1":0,"2":0},"b":{"0":[0,0]},"inputSourceMap":null,"_coverageSchema":"1a1c01bbd47fc00a2c39e90264f33305004495a9","hash":"061be4e4808096e7f82504b7206f2819a968648d"}
}
