TN:
SF:src\app.js
FN:25,(anonymous_0)
FN:39,(anonymous_1)
FNF:2
FNH:0
FNDA:0,(anonymous_0)
FNDA:0,(anonymous_1)
DA:1,1
DA:2,1
DA:3,1
DA:4,1
DA:5,1
DA:6,1
DA:7,1
DA:8,1
DA:14,1
DA:17,1
DA:20,1
DA:21,1
DA:24,1
DA:25,0
DA:26,0
DA:27,0
DA:32,1
DA:33,1
DA:36,1
DA:39,1
DA:40,0
DA:52,1
DA:55,1
DA:57,1
LF:24
LH:20
BRDA:24,0,0,0
BRDA:24,0,1,1
BRF:2
BRH:1
end_of_record
TN:
SF:src\config\cors.js
FN:6,(anonymous_0)
FN:23,(anonymous_1)
FNF:2
FNH:1
FNDA:47,(anonymous_0)
FNDA:0,(anonymous_1)
DA:5,1
DA:8,47
DA:11,0
DA:22,0
DA:23,0
DA:27,0
DA:28,0
DA:29,0
DA:30,0
DA:31,0
DA:35,0
DA:36,0
DA:37,0
DA:39,0
DA:40,0
DA:41,0
DA:60,1
LF:17
LH:3
BRDA:8,0,0,47
BRDA:8,0,1,0
BRDA:22,1,0,0
BRDA:22,1,1,0
BRDA:27,2,0,0
BRDA:27,2,1,0
BRDA:28,3,0,0
BRDA:28,3,1,0
BRDA:29,4,0,0
BRDA:29,4,1,0
BRDA:35,5,0,0
BRDA:35,5,1,0
BRF:12
BRH:1
end_of_record
TN:
SF:src\config\environment.js
FN:45,(anonymous_0)
FNF:1
FNH:0
FNDA:0,(anonymous_0)
DA:5,1
DA:43,1
DA:44,0
DA:45,0
DA:47,0
DA:48,0
DA:49,0
DA:53,1
LF:8
LH:3
BRDA:7,0,0,1
BRDA:7,0,1,0
BRDA:8,1,0,1
BRDA:8,1,1,0
BRDA:11,2,0,1
BRDA:11,2,1,0
BRDA:14,3,0,1
BRDA:14,3,1,0
BRDA:15,4,0,1
BRDA:15,4,1,1
BRDA:16,5,0,1
BRDA:16,5,1,0
BRDA:26,6,0,1
BRDA:26,6,1,0
BRDA:27,7,0,1
BRDA:27,7,1,0
BRDA:30,8,0,1
BRDA:30,8,1,0
BRDA:33,9,0,1
BRDA:33,9,1,0
BRDA:36,10,0,1
BRDA:36,10,1,0
BRDA:39,11,0,1
BRDA:39,11,1,0
BRDA:43,12,0,0
BRDA:43,12,1,1
BRDA:47,13,0,0
BRDA:47,13,1,0
BRF:28
BRH:14
end_of_record
TN:
SF:src\middleware\auth.js
FN:7,(anonymous_0)
FN:11,(anonymous_1)
FN:15,(anonymous_2)
FN:41,(anonymous_3)
FN:42,(anonymous_4)
FNF:5
FNH:1
FNDA:0,(anonymous_0)
FNDA:0,(anonymous_1)
FNDA:0,(anonymous_2)
FNDA:4,(anonymous_3)
FNDA:0,(anonymous_4)
DA:1,1
DA:2,1
DA:4,1
DA:5,1
DA:7,1
DA:8,0
DA:11,1
DA:12,0
DA:15,1
DA:16,0
DA:17,0
DA:19,0
DA:20,0
DA:23,0
DA:24,0
DA:26,0
DA:27,0
DA:30,0
DA:31,0
DA:34,0
DA:35,0
DA:37,0
DA:41,1
DA:42,4
DA:43,0
DA:44,0
DA:47,0
DA:48,0
DA:51,0
DA:55,1
LF:30
LH:10
BRDA:4,0,0,1
BRDA:4,0,1,0
BRDA:5,1,0,1
BRDA:5,1,1,0
BRDA:19,2,0,0
BRDA:19,2,1,0
BRDA:26,3,0,0
BRDA:26,3,1,0
BRDA:30,4,0,0
BRDA:30,4,1,0
BRDA:43,5,0,0
BRDA:43,5,1,0
BRDA:47,6,0,0
BRDA:47,6,1,0
BRDA:47,7,0,0
BRDA:47,7,1,0
BRF:16
BRH:2
end_of_record
TN:
SF:src\middleware\errorHandler.js
FN:5,(anonymous_0)
FN:10,(anonymous_1)
FN:82,(anonymous_2)
FNF:3
FNH:2
FNDA:3,(anonymous_0)
FNDA:0,(anonymous_1)
FNDA:2,(anonymous_2)
DA:5,1
DA:6,3
DA:9,3
DA:10,0
DA:11,0
DA:19,3
DA:20,0
DA:21,0
DA:29,3
DA:30,0
DA:36,3
DA:37,0
DA:44,3
DA:45,0
DA:53,3
DA:54,0
DA:62,3
DA:63,0
DA:71,3
DA:72,3
DA:74,3
DA:82,1
DA:83,2
DA:84,2
DA:85,2
DA:88,1
LF:26
LH:17
BRDA:9,0,0,0
BRDA:9,0,1,3
BRDA:19,1,0,0
BRDA:19,1,1,3
BRDA:29,2,0,0
BRDA:29,2,1,3
BRDA:36,3,0,0
BRDA:36,3,1,3
BRDA:44,4,0,0
BRDA:44,4,1,3
BRDA:44,5,0,3
BRDA:44,5,1,3
BRDA:53,6,0,0
BRDA:53,6,1,3
BRDA:62,7,0,0
BRDA:62,7,1,3
BRDA:71,8,0,3
BRDA:71,8,1,0
BRDA:72,9,0,3
BRDA:72,9,1,0
BRDA:77,10,0,3
BRDA:77,10,1,0
BRF:22
BRH:12
end_of_record
TN:
SF:src\models\Commission.js
FNF:0
FNH:0
DA:1,1
DA:2,1
DA:4,1
DA:14,1
LF:4
LH:4
BRF:0
BRH:0
end_of_record
TN:
SF:src\models\Order.js
FNF:0
FNH:0
DA:1,1
DA:2,1
DA:4,1
DA:19,1
LF:4
LH:4
BRF:0
BRH:0
end_of_record
TN:
SF:src\models\Report.js
FNF:0
FNH:0
DA:1,1
DA:2,1
DA:4,1
DA:21,1
LF:4
LH:4
BRF:0
BRH:0
end_of_record
TN:
SF:src\models\User.js
FNF:0
FNH:0
DA:1,1
DA:2,1
DA:4,1
DA:13,1
LF:4
LH:4
BRF:0
BRH:0
end_of_record
TN:
SF:src\models\Wallet.js
FNF:0
FNH:0
DA:1,1
DA:2,1
DA:4,1
DA:11,1
LF:4
LH:4
BRF:0
BRH:0
end_of_record
TN:
SF:src\routes\commissions.js
FN:6,(anonymous_0)
FN:22,(anonymous_1)
FN:27,(anonymous_2)
FN:28,(anonymous_3)
FN:31,(anonymous_4)
FN:32,(anonymous_5)
FN:47,(anonymous_6)
FNF:7
FNH:0
FNDA:0,(anonymous_0)
FNDA:0,(anonymous_1)
FNDA:0,(anonymous_2)
FNDA:0,(anonymous_3)
FNDA:0,(anonymous_4)
FNDA:0,(anonymous_5)
FNDA:0,(anonymous_6)
DA:1,1
DA:2,1
DA:3,1
DA:4,1
DA:6,1
DA:7,0
DA:8,0
DA:10,0
DA:11,0
DA:12,0
DA:13,0
DA:16,0
DA:22,0
DA:23,0
DA:26,0
DA:27,0
DA:28,0
DA:30,0
DA:31,0
DA:32,0
DA:34,0
DA:43,0
DA:47,1
DA:48,0
DA:49,0
DA:50,0
DA:52,0
DA:61,0
DA:62,0
DA:65,0
DA:67,0
DA:71,1
LF:32
LH:7
BRDA:10,0,0,0
BRDA:10,0,1,0
BRDA:12,1,0,0
BRDA:12,1,1,0
BRDA:61,2,0,0
BRDA:61,2,1,0
BRF:6
BRH:0
end_of_record
TN:
SF:src\routes\index.js
FN:18,(anonymous_0)
FNF:1
FNH:0
FNDA:0,(anonymous_0)
DA:1,1
DA:2,1
DA:10,1
DA:11,1
DA:12,1
DA:13,1
DA:14,1
DA:18,1
DA:19,0
DA:28,1
DA:29,1
DA:30,1
DA:31,1
DA:32,1
DA:35,1
LF:15
LH:14
BRF:0
BRH:0
end_of_record
TN:
SF:src\routes\orders.js
FN:17,(anonymous_0)
FN:52,(anonymous_1)
FN:117,(anonymous_2)
FN:170,(anonymous_3)
FN:184,(anonymous_4)
FNF:5
FNH:0
FNDA:0,(anonymous_0)
FNDA:0,(anonymous_1)
FNDA:0,(anonymous_2)
FNDA:0,(anonymous_3)
FNDA:0,(anonymous_4)
DA:1,1
DA:2,1
DA:3,1
DA:4,1
DA:5,1
DA:6,1
DA:7,1
DA:8,1
DA:9,1
DA:10,1
DA:12,1
DA:17,1
DA:18,0
DA:19,0
DA:21,0
DA:28,0
DA:40,0
DA:42,0
DA:48,0
DA:52,1
DA:53,0
DA:54,0
DA:56,0
DA:57,0
DA:62,0
DA:63,0
DA:66,0
DA:68,0
DA:79,0
DA:80,0
DA:83,0
DA:84,0
DA:85,0
DA:86,0
DA:87,0
DA:88,0
DA:90,0
DA:93,0
DA:94,0
DA:95,0
DA:96,0
DA:105,0
DA:109,0
DA:111,0
DA:113,0
DA:117,1
DA:118,0
DA:119,0
DA:120,0
DA:122,0
DA:127,0
DA:128,0
DA:131,0
DA:132,0
DA:134,0
DA:135,0
DA:146,0
DA:147,0
DA:148,0
DA:149,0
DA:150,0
DA:151,0
DA:152,0
DA:154,0
DA:157,0
DA:158,0
DA:164,0
DA:166,0
DA:170,1
DA:171,0
DA:172,0
DA:174,0
DA:178,0
DA:180,0
DA:184,1
DA:185,0
DA:186,0
DA:187,0
DA:189,0
DA:195,0
DA:196,0
DA:199,0
DA:200,0
DA:201,0
DA:202,0
DA:203,0
DA:204,0
DA:205,0
DA:207,0
DA:211,0
DA:213,0
DA:217,1
LF:92
LH:17
BRDA:19,0,0,0
BRDA:62,1,0,0
BRDA:62,1,1,0
BRDA:79,2,0,0
BRDA:79,2,1,0
BRDA:84,3,0,0
BRDA:84,3,1,0
BRDA:85,4,0,0
BRDA:85,4,1,0
BRDA:87,5,0,0
BRDA:87,5,1,0
BRDA:93,6,0,0
BRDA:93,6,1,0
BRDA:95,7,0,0
BRDA:95,7,1,0
BRDA:95,8,0,0
BRDA:95,8,1,0
BRDA:127,9,0,0
BRDA:127,9,1,0
BRDA:134,10,0,0
BRDA:134,10,1,0
BRDA:146,11,0,0
BRDA:146,11,1,0
BRDA:148,12,0,0
BRDA:148,12,1,0
BRDA:149,13,0,0
BRDA:149,13,1,0
BRDA:151,14,0,0
BRDA:151,14,1,0
BRDA:157,15,0,0
BRDA:157,15,1,0
BRDA:172,16,0,0
BRDA:172,16,1,0
BRDA:195,17,0,0
BRDA:195,17,1,0
BRDA:199,18,0,0
BRDA:199,18,1,0
BRDA:199,19,0,0
BRDA:199,19,1,0
BRDA:201,20,0,0
BRDA:201,20,1,0
BRDA:202,21,0,0
BRDA:202,21,1,0
BRDA:204,22,0,0
BRDA:204,22,1,0
BRF:45
BRH:0
end_of_record
TN:
SF:src\routes\reports.js
FN:16,loadTemplates
FN:35,(anonymous_1)
FN:44,(anonymous_2)
FN:52,(anonymous_3)
FN:56,(anonymous_4)
FN:59,(anonymous_5)
FN:76,(anonymous_6)
FN:80,(anonymous_7)
FN:91,(anonymous_8)
FN:94,(anonymous_9)
FN:127,(anonymous_10)
FN:161,(anonymous_11)
FN:166,(anonymous_12)
FN:192,(anonymous_13)
FN:202,(anonymous_14)
FN:259,(anonymous_15)
FN:284,(anonymous_16)
FN:365,(anonymous_17)
FN:387,(anonymous_18)
FN:404,(anonymous_19)
FN:423,(anonymous_20)
FN:426,(anonymous_21)
FN:428,(anonymous_22)
FN:482,(anonymous_23)
FN:483,(anonymous_24)
FN:558,(anonymous_25)
FN:583,(anonymous_26)
FN:592,(anonymous_27)
FN:593,(anonymous_28)
FN:622,(anonymous_29)
FN:649,(anonymous_30)
FN:674,(anonymous_31)
FN:684,(anonymous_32)
FN:709,(anonymous_33)
FNF:34
FNH:1
FNDA:0,loadTemplates
FNDA:0,(anonymous_1)
FNDA:0,(anonymous_2)
FNDA:0,(anonymous_3)
FNDA:0,(anonymous_4)
FNDA:0,(anonymous_5)
FNDA:0,(anonymous_6)
FNDA:0,(anonymous_7)
FNDA:0,(anonymous_8)
FNDA:0,(anonymous_9)
FNDA:0,(anonymous_10)
FNDA:0,(anonymous_11)
FNDA:0,(anonymous_12)
FNDA:0,(anonymous_13)
FNDA:0,(anonymous_14)
FNDA:0,(anonymous_15)
FNDA:0,(anonymous_16)
FNDA:0,(anonymous_17)
FNDA:0,(anonymous_18)
FNDA:0,(anonymous_19)
FNDA:0,(anonymous_20)
FNDA:0,(anonymous_21)
FNDA:0,(anonymous_22)
FNDA:0,(anonymous_23)
FNDA:0,(anonymous_24)
FNDA:0,(anonymous_25)
FNDA:0,(anonymous_26)
FNDA:0,(anonymous_27)
FNDA:0,(anonymous_28)
FNDA:0,(anonymous_29)
FNDA:0,(anonymous_30)
FNDA:0,(anonymous_31)
FNDA:0,(anonymous_32)
FNDA:44,(anonymous_33)
DA:1,1
DA:2,1
DA:3,1
DA:4,1
DA:5,1
DA:6,1
DA:7,1
DA:8,1
DA:9,1
DA:10,1
DA:12,1
DA:13,1
DA:14,1
DA:17,0
DA:18,0
DA:21,0
DA:22,0
DA:23,0
DA:24,0
DA:25,0
DA:26,0
DA:27,0
DA:28,0
DA:30,0
DA:31,0
DA:35,1
DA:36,0
DA:37,0
DA:38,0
DA:40,0
DA:42,0
DA:43,0
DA:44,0
DA:45,0
DA:51,0
DA:52,0
DA:56,0
DA:57,0
DA:58,0
DA:59,0
DA:60,0
DA:62,0
DA:68,0
DA:69,0
DA:70,0
DA:73,0
DA:74,0
DA:76,0
DA:77,0
DA:79,0
DA:80,0
DA:81,0
DA:82,0
DA:84,0
DA:90,0
DA:91,0
DA:92,0
DA:94,0
DA:95,0
DA:96,0
DA:98,0
DA:102,0
DA:118,0
DA:127,1
DA:128,0
DA:129,0
DA:131,0
DA:132,0
DA:133,0
DA:134,0
DA:136,0
DA:145,0
DA:146,0
DA:153,0
DA:161,1
DA:162,0
DA:163,0
DA:164,0
DA:166,0
DA:167,0
DA:168,0
DA:176,0
DA:182,0
DA:192,1
DA:193,0
DA:194,0
DA:195,0
DA:197,0
DA:198,0
DA:201,0
DA:202,0
DA:203,0
DA:204,0
DA:207,0
DA:214,0
DA:215,0
DA:217,0
DA:222,0
DA:224,0
DA:225,0
DA:228,0
DA:241,0
DA:244,0
DA:253,0
DA:254,0
DA:259,1
DA:260,0
DA:261,0
DA:262,0
DA:264,0
DA:265,0
DA:268,0
DA:270,0
DA:279,0
DA:280,0
DA:284,1
DA:285,0
DA:294,0
DA:297,0
DA:298,0
DA:300,0
DA:301,0
DA:302,0
DA:306,0
DA:307,0
DA:308,0
DA:309,0
DA:310,0
DA:311,0
DA:312,0
DA:314,0
DA:315,0
DA:318,0
DA:323,0
DA:337,0
DA:342,0
DA:343,0
DA:345,0
DA:348,0
DA:360,0
DA:361,0
DA:365,1
DA:366,0
DA:367,0
DA:369,0
DA:373,0
DA:379,0
DA:387,1
DA:388,0
DA:389,0
DA:391,0
DA:393,0
DA:394,0
DA:397,0
DA:399,0
DA:404,1
DA:405,0
DA:406,0
DA:407,0
DA:410,0
DA:412,0
DA:413,0
DA:416,0
DA:417,0
DA:421,0
DA:422,0
DA:423,0
DA:424,0
DA:425,0
DA:426,0
DA:427,0
DA:428,0
DA:429,0
DA:431,0
DA:432,0
DA:433,0
DA:446,0
DA:449,0
DA:450,0
DA:451,0
DA:452,0
DA:457,0
DA:458,0
DA:460,0
DA:461,0
DA:464,0
DA:469,0
DA:470,0
DA:471,0
DA:474,0
DA:475,0
DA:476,0
DA:479,0
DA:482,0
DA:483,0
DA:484,0
DA:485,0
DA:489,0
DA:491,0
DA:492,0
DA:494,0
DA:495,0
DA:498,0
DA:499,0
DA:500,0
DA:501,0
DA:502,0
DA:504,0
DA:506,0
DA:507,0
DA:508,0
DA:509,0
DA:512,0
DA:526,0
DA:527,0
DA:528,0
DA:529,0
DA:531,0
DA:532,0
DA:534,0
DA:547,0
DA:548,0
DA:552,0
DA:553,0
DA:558,1
DA:559,0
DA:560,0
DA:561,0
DA:563,0
DA:565,0
DA:568,0
DA:569,0
DA:570,0
DA:572,0
DA:574,0
DA:577,0
DA:578,0
DA:583,1
DA:584,0
DA:585,0
DA:586,0
DA:588,0
DA:590,0
DA:592,0
DA:593,0
DA:594,0
DA:595,0
DA:599,0
DA:600,0
DA:602,0
DA:605,0
DA:606,0
DA:607,0
DA:608,0
DA:609,0
DA:610,0
DA:612,0
DA:616,0
DA:617,0
DA:622,1
DA:623,0
DA:624,0
DA:626,0
DA:627,0
DA:628,0
DA:631,0
DA:632,0
DA:636,0
DA:637,0
DA:638,0
DA:641,0
DA:643,0
DA:644,0
DA:649,1
DA:650,0
DA:651,0
DA:653,0
DA:654,0
DA:655,0
DA:658,0
DA:659,0
DA:662,0
DA:664,0
DA:665,0
DA:674,1
DA:675,0
DA:676,0
DA:678,0
DA:679,0
DA:680,0
DA:684,0
DA:686,0
DA:687,0
DA:690,0
DA:699,0
DA:700,0
DA:709,1
DA:710,44
DA:711,44
DA:712,44
DA:713,44
DA:715,42
DA:716,42
DA:717,42
DA:719,42
DA:720,0
DA:727,42
DA:733,35
DA:734,0
DA:740,35
DA:741,35
DA:742,35
DA:744,35
DA:762,8
DA:763,8
DA:771,1
LF:316
LH:45
BRDA:17,0,0,0
BRDA:17,0,1,0
BRDA:17,1,0,0
BRDA:17,1,1,0
BRDA:17,1,2,0
BRDA:38,2,0,0
BRDA:38,3,0,0
BRDA:42,4,0,0
BRDA:42,4,1,0
BRDA:45,5,0,0
BRDA:45,5,1,0
BRDA:45,5,2,0
BRDA:51,6,0,0
BRDA:51,6,1,0
BRDA:58,7,0,0
BRDA:58,7,1,0
BRDA:62,8,0,0
BRDA:62,8,1,0
BRDA:62,8,2,0
BRDA:62,8,3,0
BRDA:77,9,0,0
BRDA:77,9,1,0
BRDA:79,10,0,0
BRDA:79,10,1,0
BRDA:81,11,0,0
BRDA:81,11,1,0
BRDA:95,12,0,0
BRDA:95,12,1,0
BRDA:95,13,0,0
BRDA:95,13,1,0
BRDA:167,14,0,0
BRDA:167,14,1,0
BRDA:203,15,0,0
BRDA:203,15,1,0
BRDA:262,16,0,0
BRDA:262,16,1,0
BRDA:264,17,0,0
BRDA:264,17,1,0
BRDA:264,18,0,0
BRDA:264,18,1,0
BRDA:280,19,0,0
BRDA:280,19,1,0
BRDA:301,20,0,0
BRDA:301,20,1,0
BRDA:301,21,0,0
BRDA:301,21,1,0
BRDA:308,22,0,0
BRDA:308,22,1,0
BRDA:311,23,0,0
BRDA:311,23,1,0
BRDA:314,24,0,0
BRDA:314,24,1,0
BRDA:332,25,0,0
BRDA:332,25,1,0
BRDA:333,26,0,0
BRDA:333,26,1,0
BRDA:367,27,0,0
BRDA:367,27,1,0
BRDA:393,28,0,0
BRDA:393,28,1,0
BRDA:412,29,0,0
BRDA:412,29,1,0
BRDA:416,30,0,0
BRDA:416,30,1,0
BRDA:422,31,0,0
BRDA:422,31,1,0
BRDA:424,32,0,0
BRDA:424,32,1,0
BRDA:424,33,0,0
BRDA:424,33,1,0
BRDA:425,34,0,0
BRDA:425,34,1,0
BRDA:427,35,0,0
BRDA:427,35,1,0
BRDA:429,36,0,0
BRDA:429,36,1,0
BRDA:429,37,0,0
BRDA:429,37,1,0
BRDA:429,37,2,0
BRDA:429,37,3,0
BRDA:457,38,0,0
BRDA:457,38,1,0
BRDA:460,39,0,0
BRDA:460,39,1,0
BRDA:484,40,0,0
BRDA:484,40,1,0
BRDA:501,41,0,0
BRDA:501,41,1,0
BRDA:508,42,0,0
BRDA:508,42,1,0
BRDA:594,43,0,0
BRDA:594,43,1,0
BRDA:627,44,0,0
BRDA:627,44,1,0
BRDA:631,45,0,0
BRDA:631,45,1,0
BRDA:654,46,0,0
BRDA:654,46,1,0
BRDA:658,47,0,0
BRDA:658,47,1,0
BRDA:679,48,0,0
BRDA:679,48,1,0
BRDA:686,49,0,0
BRDA:686,49,1,0
BRDA:713,50,0,44
BRDA:713,50,1,4
BRDA:717,51,0,0
BRDA:717,51,1,42
BRDA:719,52,0,0
BRDA:719,52,1,42
BRDA:733,53,0,0
BRDA:733,53,1,35
BRDA:736,54,0,0
BRDA:736,54,1,0
BRDA:742,55,0,35
BRDA:742,55,1,35
BRDA:754,56,0,35
BRDA:754,56,1,35
BRDA:766,57,0,0
BRDA:766,57,1,8
BRF:120
BRH:10
end_of_record
TN:
SF:src\routes\users.js
FN:10,(anonymous_0)
FN:55,(anonymous_1)
FN:90,(anonymous_2)
FN:111,(anonymous_3)
FNF:4
FNH:0
FNDA:0,(anonymous_0)
FNDA:0,(anonymous_1)
FNDA:0,(anonymous_2)
FNDA:0,(anonymous_3)
DA:1,1
DA:2,1
DA:3,1
DA:4,1
DA:5,1
DA:6,1
DA:7,1
DA:8,1
DA:10,1
DA:11,0
DA:12,0
DA:14,0
DA:15,0
DA:16,0
DA:19,0
DA:21,0
DA:29,0
DA:31,0
DA:34,0
DA:36,0
DA:37,0
DA:39,0
DA:40,0
DA:42,0
DA:51,0
DA:55,1
DA:56,0
DA:57,0
DA:59,0
DA:60,0
DA:61,0
DA:64,0
DA:65,0
DA:66,0
DA:70,0
DA:71,0
DA:72,0
DA:74,0
DA:75,0
DA:77,0
DA:86,0
DA:90,1
DA:91,0
DA:92,0
DA:93,0
DA:95,0
DA:101,0
DA:102,0
DA:105,0
DA:107,0
DA:111,1
DA:112,0
DA:113,0
DA:116,0
DA:118,0
DA:122,1
LF:56
LH:13
BRDA:15,0,0,0
BRDA:15,0,1,0
BRDA:22,1,0,0
BRDA:22,1,1,0
BRDA:60,2,0,0
BRDA:60,2,1,0
BRDA:65,3,0,0
BRDA:65,3,1,0
BRDA:70,4,0,0
BRDA:70,4,1,0
BRDA:70,5,0,0
BRDA:70,5,1,0
BRDA:93,6,0,0
BRDA:93,6,1,0
BRDA:101,7,0,0
BRDA:101,7,1,0
BRF:16
BRH:0
end_of_record
TN:
SF:src\routes\wallets.js
FN:7,(anonymous_0)
FN:33,(anonymous_1)
FN:69,(anonymous_2)
FNF:3
FNH:0
FNDA:0,(anonymous_0)
FNDA:0,(anonymous_1)
FNDA:0,(anonymous_2)
DA:1,1
DA:2,1
DA:3,1
DA:4,1
DA:7,1
DA:8,0
DA:9,0
DA:11,0
DA:12,0
DA:19,0
DA:25,0
DA:33,1
DA:34,0
DA:35,0
DA:37,0
DA:38,0
DA:45,0
DA:47,0
DA:48,0
DA:55,0
DA:61,0
DA:69,1
DA:70,0
DA:71,0
DA:72,0
DA:74,0
DA:75,0
DA:76,0
DA:77,0
DA:79,0
DA:85,0
DA:86,0
DA:89,0
DA:91,0
DA:95,1
LF:35
LH:8
BRDA:11,0,0,0
BRDA:11,0,1,0
BRDA:37,1,0,0
BRDA:37,1,1,0
BRDA:37,2,0,0
BRDA:37,2,1,0
BRDA:47,3,0,0
BRDA:47,3,1,0
BRDA:75,4,0,0
BRDA:75,4,1,0
BRDA:76,5,0,0
BRDA:76,5,1,0
BRDA:77,6,0,0
BRDA:77,6,1,0
BRDA:85,7,0,0
BRDA:85,7,1,0
BRF:16
BRH:0
end_of_record
TN:
SF:src\services\excelCalculationService.js
FN:16,(anonymous_0)
FN:25,(anonymous_1)
FN:37,(anonymous_2)
FN:67,(anonymous_3)
FN:123,(anonymous_4)
FN:137,(anonymous_5)
FN:178,(anonymous_6)
FN:201,(anonymous_7)
FN:275,(anonymous_8)
FN:318,(anonymous_9)
FN:319,(anonymous_10)
FN:325,(anonymous_11)
FN:329,(anonymous_12)
FN:336,(anonymous_13)
FN:345,(anonymous_14)
FN:353,(anonymous_15)
FN:363,(anonymous_16)
FNF:17
FNH:8
FNDA:3,(anonymous_0)
FNDA:58,(anonymous_1)
FNDA:19,(anonymous_2)
FNDA:51,(anonymous_3)
FNDA:62,(anonymous_4)
FNDA:5,(anonymous_5)
FNDA:0,(anonymous_6)
FNDA:61,(anonymous_7)
FNDA:41,(anonymous_8)
FNDA:0,(anonymous_9)
FNDA:0,(anonymous_10)
FNDA:0,(anonymous_11)
FNDA:0,(anonymous_12)
FNDA:0,(anonymous_13)
FNDA:0,(anonymous_14)
FNDA:0,(anonymous_15)
FNDA:0,(anonymous_16)
DA:1,3
DA:2,3
DA:3,3
DA:17,3
DA:18,3
DA:20,3
DA:21,3
DA:26,58
DA:27,58
DA:28,58
DA:31,58
DA:34,58
DA:36,18
DA:37,19
DA:38,10
DA:39,10
DA:44,58
DA:45,40
DA:46,26
DA:47,26
DA:48,14
DA:49,14
DA:50,14
DA:55,58
DA:56,58
DA:57,10161
DA:60,58
DA:61,58
DA:63,58
DA:68,51
DA:69,51
DA:70,51
DA:72,51
DA:75,51
DA:76,12
DA:77,12
DA:78,39
DA:79,5
DA:80,5
DA:81,34
DA:82,0
DA:83,0
DA:86,51
DA:87,34
DA:88,34
DA:89,34
DA:92,17
DA:95,17
DA:105,17
DA:106,17
DA:108,17
DA:109,51
DA:112,51
DA:113,30
DA:114,21
DA:115,0
DA:116,0
DA:118,21
DA:119,21
DA:123,30
DA:124,62
DA:125,62
DA:126,62
DA:127,62
DA:131,17
DA:132,17
DA:138,5
DA:139,5
DA:142,5
DA:144,5
DA:145,5
DA:146,20
DA:150,5
DA:151,5
DA:153,5
DA:158,5
DA:159,5
DA:161,5
DA:163,4
DA:164,4
DA:167,3
DA:169,3
DA:172,2
DA:173,2
DA:179,0
DA:180,0
DA:183,0
DA:188,0
DA:189,0
DA:191,0
DA:192,0
DA:193,0
DA:195,0
DA:196,0
DA:202,61
DA:203,61
DA:205,61
DA:206,3
DA:209,61
DA:210,0
DA:214,61
DA:215,61
DA:216,21
DA:220,40
DA:223,40
DA:224,40
DA:225,10104
DA:229,40
DA:230,40
DA:232,40
DA:233,40
DA:234,40
DA:237,40
DA:244,40
DA:246,40
DA:247,40
DA:249,40
DA:251,38
DA:252,38
DA:255,38
DA:256,38
DA:258,0
DA:259,0
DA:260,0
DA:261,0
DA:264,38
DA:266,35
DA:269,25
DA:270,25
DA:271,25
DA:276,41
DA:277,41
DA:278,41
DA:279,41
DA:281,41
DA:282,3
DA:283,3
DA:284,3
DA:287,38
DA:288,38
DA:289,38
DA:290,38
DA:292,38
DA:319,0
DA:320,0
DA:322,0
DA:323,0
DA:325,0
DA:326,0
DA:329,0
DA:330,0
DA:331,0
DA:333,0
DA:336,0
DA:337,0
DA:338,0
DA:339,0
DA:340,0
DA:342,0
DA:345,0
DA:346,0
DA:347,0
DA:354,0
DA:355,0
DA:356,0
DA:357,0
DA:358,0
DA:359,0
DA:360,0
DA:362,0
DA:364,0
DA:365,0
DA:366,0
DA:367,0
DA:368,0
DA:369,0
DA:370,0
DA:377,0
DA:380,0
DA:385,3
LF:180
LH:125
BRDA:34,0,0,18
BRDA:34,0,1,40
BRDA:34,1,0,58
BRDA:34,1,1,58
BRDA:34,1,2,58
BRDA:37,2,0,10
BRDA:37,2,1,8
BRDA:44,3,0,40
BRDA:44,3,1,18
BRDA:44,4,0,58
BRDA:44,4,1,58
BRDA:45,5,0,26
BRDA:45,5,1,14
BRDA:48,6,0,14
BRDA:48,6,1,0
BRDA:48,7,0,14
BRDA:48,7,1,14
BRDA:75,8,0,12
BRDA:75,8,1,39
BRDA:78,9,0,5
BRDA:78,9,1,34
BRDA:81,10,0,0
BRDA:81,10,1,34
BRDA:86,11,0,34
BRDA:86,11,1,17
BRDA:88,12,0,34
BRDA:88,12,1,0
BRDA:109,13,0,0
BRDA:109,13,1,51
BRDA:109,14,0,51
BRDA:109,14,1,51
BRDA:112,15,0,30
BRDA:112,15,1,21
BRDA:114,16,0,0
BRDA:114,16,1,21
BRDA:125,17,0,62
BRDA:125,17,1,2
BRDA:126,18,0,62
BRDA:126,18,1,3
BRDA:184,19,0,0
BRDA:184,19,1,0
BRDA:185,20,0,0
BRDA:185,20,1,0
BRDA:205,21,0,3
BRDA:205,21,1,58
BRDA:209,22,0,0
BRDA:209,22,1,61
BRDA:215,23,0,21
BRDA:215,23,1,40
BRDA:277,24,0,41
BRDA:277,24,1,0
BRDA:281,25,0,3
BRDA:281,25,1,38
BRDA:281,26,0,41
BRDA:281,26,1,41
BRDA:282,27,0,3
BRDA:282,27,1,0
BRDA:287,28,0,38
BRDA:287,28,1,13
BRDA:288,29,0,0
BRDA:288,29,1,38
BRDA:289,30,0,0
BRDA:289,30,1,38
BRDA:290,31,0,0
BRDA:290,31,1,38
BRDA:294,32,0,38
BRDA:294,32,1,38
BRDA:295,33,0,38
BRDA:295,33,1,38
BRDA:297,34,0,38
BRDA:297,34,1,38
BRDA:301,35,0,0
BRDA:301,35,1,38
BRDA:337,36,0,0
BRDA:337,36,1,0
BRDA:353,37,0,0
BRDA:364,38,0,0
BRDA:364,38,1,0
BRDA:368,39,0,0
BRDA:368,39,1,0
BRF:80
BRH:57
end_of_record
TN:
SF:src\services\jsonAlterService.js
FN:3,a1ToRC
FN:12,findCell
FN:13,(anonymous_2)
FN:16,upsertCell
FN:25,updateLuckysheetCell
FN:26,(anonymous_5)
FN:40,updateAllCellStructures
FN:41,(anonymous_7)
FN:48,(anonymous_8)
FN:74,searchAndUpdateNested
FN:83,(anonymous_10)
FN:114,run
FN:120,(anonymous_12)
FN:122,(anonymous_13)
FN:149,safeDeepCopy
FN:165,(anonymous_15)
FN:177,(anonymous_16)
FN:187,alterTemplateJson
FN:192,(anonymous_18)
FN:194,(anonymous_19)
FNF:20
FNH:0
FNDA:0,a1ToRC
FNDA:0,findCell
FNDA:0,(anonymous_2)
FNDA:0,upsertCell
FNDA:0,updateLuckysheetCell
FNDA:0,(anonymous_5)
FNDA:0,updateAllCellStructures
FNDA:0,(anonymous_7)
FNDA:0,(anonymous_8)
FNDA:0,searchAndUpdateNested
FNDA:0,(anonymous_10)
FNDA:0,run
FNDA:0,(anonymous_12)
FNDA:0,(anonymous_13)
FNDA:0,safeDeepCopy
FNDA:0,(anonymous_15)
FNDA:0,(anonymous_16)
FNDA:0,alterTemplateJson
FNDA:0,(anonymous_18)
FNDA:0,(anonymous_19)
DA:1,1
DA:4,0
DA:5,0
DA:6,0
DA:7,0
DA:8,0
DA:9,0
DA:13,0
DA:17,0
DA:18,0
DA:19,0
DA:20,0
DA:21,0
DA:22,0
DA:26,0
DA:27,0
DA:28,0
DA:29,0
DA:30,0
DA:32,0
DA:41,0
DA:42,0
DA:44,0
DA:45,0
DA:47,0
DA:48,0
DA:49,0
DA:50,0
DA:56,0
DA:61,0
DA:62,0
DA:63,0
DA:64,0
DA:69,0
DA:75,0
DA:77,0
DA:78,0
DA:80,0
DA:81,0
DA:82,0
DA:83,0
DA:84,0
DA:85,0
DA:86,0
DA:92,0
DA:95,0
DA:98,0
DA:99,0
DA:103,0
DA:105,0
DA:109,0
DA:111,0
DA:115,0
DA:116,0
DA:117,0
DA:119,0
DA:120,0
DA:121,0
DA:122,0
DA:127,0
DA:132,0
DA:133,0
DA:134,0
DA:135,0
DA:136,0
DA:138,0
DA:141,0
DA:142,0
DA:143,0
DA:145,0
DA:150,0
DA:152,0
DA:153,0
DA:154,0
DA:157,0
DA:159,0
DA:161,0
DA:162,0
DA:163,0
DA:164,0
DA:165,0
DA:166,0
DA:169,0
DA:171,0
DA:174,0
DA:175,0
DA:176,0
DA:177,0
DA:178,0
DA:181,0
DA:184,0
DA:188,0
DA:189,0
DA:191,0
DA:192,0
DA:193,0
DA:194,0
DA:199,0
DA:200,0
DA:201,0
DA:204,0
DA:205,0
DA:206,0
DA:207,0
DA:209,0
DA:214,0
DA:216,0
DA:217,0
DA:221,1
DA:229,1
DA:230,0
LF:111
LH:3
BRDA:5,0,0,0
BRDA:5,0,1,0
BRDA:13,1,0,0
BRDA:13,1,1,0
BRDA:13,2,0,0
BRDA:13,2,1,0
BRDA:13,3,0,0
BRDA:13,3,1,0
BRDA:18,4,0,0
BRDA:18,4,1,0
BRDA:19,5,0,0
BRDA:19,5,1,0
BRDA:26,6,0,0
BRDA:26,6,1,0
BRDA:27,7,0,0
BRDA:27,7,1,0
BRDA:33,8,0,0
BRDA:33,8,1,0
BRDA:34,9,0,0
BRDA:34,9,1,0
BRDA:36,10,0,0
BRDA:36,10,1,0
BRDA:41,11,0,0
BRDA:41,11,1,0
BRDA:42,12,0,0
BRDA:42,12,1,0
BRDA:47,13,0,0
BRDA:47,13,1,0
BRDA:48,14,0,0
BRDA:48,14,1,0
BRDA:49,15,0,0
BRDA:49,15,1,0
BRDA:49,16,0,0
BRDA:49,16,1,0
BRDA:52,17,0,0
BRDA:52,17,1,0
BRDA:54,18,0,0
BRDA:54,18,1,0
BRDA:61,19,0,0
BRDA:61,19,1,0
BRDA:61,20,0,0
BRDA:61,20,1,0
BRDA:61,20,2,0
BRDA:63,21,0,0
BRDA:63,21,1,0
BRDA:63,22,0,0
BRDA:63,22,1,0
BRDA:65,23,0,0
BRDA:65,23,1,0
BRDA:67,24,0,0
BRDA:67,24,1,0
BRDA:74,25,0,0
BRDA:74,26,0,0
BRDA:74,27,0,0
BRDA:75,28,0,0
BRDA:75,28,1,0
BRDA:75,29,0,0
BRDA:75,29,1,0
BRDA:75,29,2,0
BRDA:77,30,0,0
BRDA:77,30,1,0
BRDA:82,31,0,0
BRDA:82,31,1,0
BRDA:84,32,0,0
BRDA:84,32,1,0
BRDA:84,33,0,0
BRDA:84,33,1,0
BRDA:85,34,0,0
BRDA:85,34,1,0
BRDA:85,35,0,0
BRDA:85,35,1,0
BRDA:85,35,2,0
BRDA:88,36,0,0
BRDA:88,36,1,0
BRDA:90,37,0,0
BRDA:90,37,1,0
BRDA:98,38,0,0
BRDA:98,38,1,0
BRDA:98,39,0,0
BRDA:98,39,1,0
BRDA:119,40,0,0
BRDA:119,40,1,0
BRDA:121,41,0,0
BRDA:121,41,1,0
BRDA:122,42,0,0
BRDA:122,42,1,0
BRDA:149,43,0,0
BRDA:149,44,0,0
BRDA:150,45,0,0
BRDA:150,45,1,0
BRDA:150,46,0,0
BRDA:150,46,1,0
BRDA:152,47,0,0
BRDA:152,47,1,0
BRDA:157,48,0,0
BRDA:157,48,1,0
BRDA:159,49,0,0
BRDA:159,49,1,0
BRDA:161,50,0,0
BRDA:161,50,1,0
BRDA:187,51,0,0
BRDA:191,52,0,0
BRDA:191,52,1,0
BRDA:193,53,0,0
BRDA:193,53,1,0
BRDA:194,54,0,0
BRDA:194,54,1,0
BRDA:200,55,0,0
BRDA:200,55,1,0
BRDA:200,56,0,0
BRDA:200,56,1,0
BRDA:229,57,0,0
BRDA:229,57,1,1
BRF:113
BRH:1
end_of_record
TN:
SF:src\services\mailService.js
FN:11,(anonymous_0)
FN:33,(anonymous_1)
FN:50,(anonymous_2)
FNF:3
FNH:0
FNDA:0,(anonymous_0)
FNDA:0,(anonymous_1)
FNDA:0,(anonymous_2)
DA:1,1
DA:3,1
DA:11,1
DA:12,0
DA:14,0
DA:30,0
DA:33,1
DA:34,0
DA:47,0
DA:50,1
DA:51,0
DA:71,0
DA:74,1
LF:13
LH:6
BRDA:12,0,0,0
BRDA:12,0,1,0
BRF:2
BRH:0
end_of_record
